[2024-06-17 16:00:43,651] INFO Creating topic quickstart-events with configuration {} and initial partition assignment HashMap(0 -> ArrayBuffer(0)) (kafka.zk.AdminZkClient)
[2024-06-17 16:00:43,709] INFO [ReplicaFetcherManager on broker 0] Removed fetcher for partitions Set(quickstart-events-0) (kafka.server.ReplicaFetcherManager)
[2024-06-17 16:00:43,734] INFO [LogLoader partition=quickstart-events-0, dir=/tmp/kafka-logs] Loading producer state till offset 0 with message format version 2 (kafka.log.UnifiedLog$)
[2024-06-17 16:00:43,739] INFO Created log for partition quickstart-events-0 in /tmp/kafka-logs/quickstart-events-0 with properties {} (kafka.log.LogManager)
[2024-06-17 16:00:43,740] INFO [Partition quickstart-events-0 broker=0] No checkpointed highwatermark is found for partition quickstart-events-0 (kafka.cluster.Partition)
[2024-06-17 16:00:43,740] INFO [Partition quickstart-events-0 broker=0] Log loaded for partition quickstart-events-0 with initial high watermark 0 (kafka.cluster.Partition)
[2024-06-17 16:04:32,644] INFO Creating topic __consumer_offsets with configuration {compression.type=producer, cleanup.policy=compact, segment.bytes=104857600} and initial partition assignment HashMap(0 -> ArrayBuffer(0), 1 -> ArrayBuffer(0), 2 -> ArrayBuffer(0), 3 -> ArrayBuffer(0), 4 -> ArrayBuffer(0), 5 -> ArrayBuffer(0), 6 -> ArrayBuffer(0), 7 -> ArrayBuffer(0), 8 -> ArrayBuffer(0), 9 -> ArrayBuffer(0), 10 -> ArrayBuffer(0), 11 -> ArrayBuffer(0), 12 -> ArrayBuffer(0), 13 -> ArrayBuffer(0), 14 -> ArrayBuffer(0), 15 -> ArrayBuffer(0), 16 -> ArrayBuffer(0), 17 -> ArrayBuffer(0), 18 -> ArrayBuffer(0), 19 -> ArrayBuffer(0), 20 -> ArrayBuffer(0), 21 -> ArrayBuffer(0), 22 -> ArrayBuffer(0), 23 -> ArrayBuffer(0), 24 -> ArrayBuffer(0), 25 -> ArrayBuffer(0), 26 -> ArrayBuffer(0), 27 -> ArrayBuffer(0), 28 -> ArrayBuffer(0), 29 -> ArrayBuffer(0), 30 -> ArrayBuffer(0), 31 -> ArrayBuffer(0), 32 -> ArrayBuffer(0), 33 -> ArrayBuffer(0), 34 -> ArrayBuffer(0), 35 -> ArrayBuffer(0), 36 -> ArrayBuffer(0), 37 -> ArrayBuffer(0), 38 -> ArrayBuffer(0), 39 -> ArrayBuffer(0), 40 -> ArrayBuffer(0), 41 -> ArrayBuffer(0), 42 -> ArrayBuffer(0), 43 -> ArrayBuffer(0), 44 -> ArrayBuffer(0), 45 -> ArrayBuffer(0), 46 -> ArrayBuffer(0), 47 -> ArrayBuffer(0), 48 -> ArrayBuffer(0), 49 -> ArrayBuffer(0)) (kafka.zk.AdminZkClient)
[2024-06-17 16:04:32,787] INFO [ReplicaFetcherManager on broker 0] Removed fetcher for partitions HashSet(__consumer_offsets-22, __consumer_offsets-30, __consumer_offsets-25, __consumer_offsets-35, __consumer_offsets-37, __consumer_offsets-38, __consumer_offsets-13, __consumer_offsets-8, __consumer_offsets-21, __consumer_offsets-4, __consumer_offsets-27, __consumer_offsets-7, __consumer_offsets-9, __consumer_offsets-46, __consumer_offsets-41, __consumer_offsets-33, __consumer_offsets-23, __consumer_offsets-49, __consumer_offsets-47, __consumer_offsets-16, __consumer_offsets-28, __consumer_offsets-31, __consumer_offsets-36, __consumer_offsets-42, __consumer_offsets-3, __consumer_offsets-18, __consumer_offsets-15, __consumer_offsets-24, __consumer_offsets-17, __consumer_offsets-48, __consumer_offsets-19, __consumer_offsets-11, __consumer_offsets-2, __consumer_offsets-43, __consumer_offsets-6, __consumer_offsets-14, __consumer_offsets-20, __consumer_offsets-0, __consumer_offsets-44, __consumer_offsets-39, __consumer_offsets-12, __consumer_offsets-45, __consumer_offsets-1, __consumer_offsets-5, __consumer_offsets-26, __consumer_offsets-29, __consumer_offsets-34, __consumer_offsets-10, __consumer_offsets-32, __consumer_offsets-40) (kafka.server.ReplicaFetcherManager)
[2024-06-17 16:04:32,790] INFO [LogLoader partition=__consumer_offsets-3, dir=/tmp/kafka-logs] Loading producer state till offset 0 with message format version 2 (kafka.log.UnifiedLog$)
[2024-06-17 16:04:32,791] INFO Created log for partition __consumer_offsets-3 in /tmp/kafka-logs/__consumer_offsets-3 with properties {cleanup.policy=compact, compression.type="producer", segment.bytes=104857600} (kafka.log.LogManager)
[2024-06-17 16:04:32,791] INFO [Partition __consumer_offsets-3 broker=0] No checkpointed highwatermark is found for partition __consumer_offsets-3 (kafka.cluster.Partition)
[2024-06-17 16:04:32,791] INFO [Partition __consumer_offsets-3 broker=0] Log loaded for partition __consumer_offsets-3 with initial high watermark 0 (kafka.cluster.Partition)
[2024-06-17 16:04:32,809] INFO [LogLoader partition=__consumer_offsets-18, dir=/tmp/kafka-logs] Loading producer state till offset 0 with message format version 2 (kafka.log.UnifiedLog$)
[2024-06-17 16:04:32,809] INFO Created log for partition __consumer_offsets-18 in /tmp/kafka-logs/__consumer_offsets-18 with properties {cleanup.policy=compact, compression.type="producer", segment.bytes=104857600} (kafka.log.LogManager)
[2024-06-17 16:04:32,809] INFO [Partition __consumer_offsets-18 broker=0] No checkpointed highwatermark is found for partition __consumer_offsets-18 (kafka.cluster.Partition)
[2024-06-17 16:04:32,809] INFO [Partition __consumer_offsets-18 broker=0] Log loaded for partition __consumer_offsets-18 with initial high watermark 0 (kafka.cluster.Partition)
[2024-06-17 16:04:32,816] INFO [LogLoader partition=__consumer_offsets-41, dir=/tmp/kafka-logs] Loading producer state till offset 0 with message format version 2 (kafka.log.UnifiedLog$)
[2024-06-17 16:04:32,816] INFO Created log for partition __consumer_offsets-41 in /tmp/kafka-logs/__consumer_offsets-41 with properties {cleanup.policy=compact, compression.type="producer", segment.bytes=104857600} (kafka.log.LogManager)
[2024-06-17 16:04:32,816] INFO [Partition __consumer_offsets-41 broker=0] No checkpointed highwatermark is found for partition __consumer_offsets-41 (kafka.cluster.Partition)
[2024-06-17 16:04:32,816] INFO [Partition __consumer_offsets-41 broker=0] Log loaded for partition __consumer_offsets-41 with initial high watermark 0 (kafka.cluster.Partition)
[2024-06-17 16:04:32,828] INFO [LogLoader partition=__consumer_offsets-10, dir=/tmp/kafka-logs] Loading producer state till offset 0 with message format version 2 (kafka.log.UnifiedLog$)
[2024-06-17 16:04:32,828] INFO Created log for partition __consumer_offsets-10 in /tmp/kafka-logs/__consumer_offsets-10 with properties {cleanup.policy=compact, compression.type="producer", segment.bytes=104857600} (kafka.log.LogManager)
[2024-06-17 16:04:32,829] INFO [Partition __consumer_offsets-10 broker=0] No checkpointed highwatermark is found for partition __consumer_offsets-10 (kafka.cluster.Partition)
[2024-06-17 16:04:32,829] INFO [Partition __consumer_offsets-10 broker=0] Log loaded for partition __consumer_offsets-10 with initial high watermark 0 (kafka.cluster.Partition)
[2024-06-17 16:04:32,839] INFO [LogLoader partition=__consumer_offsets-33, dir=/tmp/kafka-logs] Loading producer state till offset 0 with message format version 2 (kafka.log.UnifiedLog$)
[2024-06-17 16:04:32,839] INFO Created log for partition __consumer_offsets-33 in /tmp/kafka-logs/__consumer_offsets-33 with properties {cleanup.policy=compact, compression.type="producer", segment.bytes=104857600} (kafka.log.LogManager)
[2024-06-17 16:04:32,839] INFO [Partition __consumer_offsets-33 broker=0] No checkpointed highwatermark is found for partition __consumer_offsets-33 (kafka.cluster.Partition)
[2024-06-17 16:04:32,839] INFO [Partition __consumer_offsets-33 broker=0] Log loaded for partition __consumer_offsets-33 with initial high watermark 0 (kafka.cluster.Partition)
[2024-06-17 16:04:32,850] INFO [LogLoader partition=__consumer_offsets-48, dir=/tmp/kafka-logs] Loading producer state till offset 0 with message format version 2 (kafka.log.UnifiedLog$)
[2024-06-17 16:04:32,850] INFO Created log for partition __consumer_offsets-48 in /tmp/kafka-logs/__consumer_offsets-48 with properties {cleanup.policy=compact, compression.type="producer", segment.bytes=104857600} (kafka.log.LogManager)
[2024-06-17 16:04:32,850] INFO [Partition __consumer_offsets-48 broker=0] No checkpointed highwatermark is found for partition __consumer_offsets-48 (kafka.cluster.Partition)
[2024-06-17 16:04:32,850] INFO [Partition __consumer_offsets-48 broker=0] Log loaded for partition __consumer_offsets-48 with initial high watermark 0 (kafka.cluster.Partition)
[2024-06-17 16:04:32,862] INFO [LogLoader partition=__consumer_offsets-19, dir=/tmp/kafka-logs] Loading producer state till offset 0 with message format version 2 (kafka.log.UnifiedLog$)
[2024-06-17 16:04:32,862] INFO Created log for partition __consumer_offsets-19 in /tmp/kafka-logs/__consumer_offsets-19 with properties {cleanup.policy=compact, compression.type="producer", segment.bytes=104857600} (kafka.log.LogManager)
[2024-06-17 16:04:32,862] INFO [Partition __consumer_offsets-19 broker=0] No checkpointed highwatermark is found for partition __consumer_offsets-19 (kafka.cluster.Partition)
[2024-06-17 16:04:32,862] INFO [Partition __consumer_offsets-19 broker=0] Log loaded for partition __consumer_offsets-19 with initial high watermark 0 (kafka.cluster.Partition)
[2024-06-17 16:04:32,872] INFO [LogLoader partition=__consumer_offsets-34, dir=/tmp/kafka-logs] Loading producer state till offset 0 with message format version 2 (kafka.log.UnifiedLog$)
[2024-06-17 16:04:32,872] INFO Created log for partition __consumer_offsets-34 in /tmp/kafka-logs/__consumer_offsets-34 with properties {cleanup.policy=compact, compression.type="producer", segment.bytes=104857600} (kafka.log.LogManager)
[2024-06-17 16:04:32,872] INFO [Partition __consumer_offsets-34 broker=0] No checkpointed highwatermark is found for partition __consumer_offsets-34 (kafka.cluster.Partition)
[2024-06-17 16:04:32,872] INFO [Partition __consumer_offsets-34 broker=0] Log loaded for partition __consumer_offsets-34 with initial high watermark 0 (kafka.cluster.Partition)
[2024-06-17 16:04:32,882] INFO [LogLoader partition=__consumer_offsets-4, dir=/tmp/kafka-logs] Loading producer state till offset 0 with message format version 2 (kafka.log.UnifiedLog$)
[2024-06-17 16:04:32,882] INFO Created log for partition __consumer_offsets-4 in /tmp/kafka-logs/__consumer_offsets-4 with properties {cleanup.policy=compact, compression.type="producer", segment.bytes=104857600} (kafka.log.LogManager)
[2024-06-17 16:04:32,882] INFO [Partition __consumer_offsets-4 broker=0] No checkpointed highwatermark is found for partition __consumer_offsets-4 (kafka.cluster.Partition)
[2024-06-17 16:04:32,883] INFO [Partition __consumer_offsets-4 broker=0] Log loaded for partition __consumer_offsets-4 with initial high watermark 0 (kafka.cluster.Partition)
[2024-06-17 16:04:32,891] INFO [LogLoader partition=__consumer_offsets-11, dir=/tmp/kafka-logs] Loading producer state till offset 0 with message format version 2 (kafka.log.UnifiedLog$)
[2024-06-17 16:04:32,891] INFO Created log for partition __consumer_offsets-11 in /tmp/kafka-logs/__consumer_offsets-11 with properties {cleanup.policy=compact, compression.type="producer", segment.bytes=104857600} (kafka.log.LogManager)
[2024-06-17 16:04:32,891] INFO [Partition __consumer_offsets-11 broker=0] No checkpointed highwatermark is found for partition __consumer_offsets-11 (kafka.cluster.Partition)
[2024-06-17 16:04:32,891] INFO [Partition __consumer_offsets-11 broker=0] Log loaded for partition __consumer_offsets-11 with initial high watermark 0 (kafka.cluster.Partition)
[2024-06-17 16:04:32,901] INFO [LogLoader partition=__consumer_offsets-26, dir=/tmp/kafka-logs] Loading producer state till offset 0 with message format version 2 (kafka.log.UnifiedLog$)
[2024-06-17 16:04:32,901] INFO Created log for partition __consumer_offsets-26 in /tmp/kafka-logs/__consumer_offsets-26 with properties {cleanup.policy=compact, compression.type="producer", segment.bytes=104857600} (kafka.log.LogManager)
[2024-06-17 16:04:32,901] INFO [Partition __consumer_offsets-26 broker=0] No checkpointed highwatermark is found for partition __consumer_offsets-26 (kafka.cluster.Partition)
[2024-06-17 16:04:32,901] INFO [Partition __consumer_offsets-26 broker=0] Log loaded for partition __consumer_offsets-26 with initial high watermark 0 (kafka.cluster.Partition)
[2024-06-17 16:04:32,911] INFO [LogLoader partition=__consumer_offsets-49, dir=/tmp/kafka-logs] Loading producer state till offset 0 with message format version 2 (kafka.log.UnifiedLog$)
[2024-06-17 16:04:32,912] INFO Created log for partition __consumer_offsets-49 in /tmp/kafka-logs/__consumer_offsets-49 with properties {cleanup.policy=compact, compression.type="producer", segment.bytes=104857600} (kafka.log.LogManager)
[2024-06-17 16:04:32,912] INFO [Partition __consumer_offsets-49 broker=0] No checkpointed highwatermark is found for partition __consumer_offsets-49 (kafka.cluster.Partition)
[2024-06-17 16:04:32,912] INFO [Partition __consumer_offsets-49 broker=0] Log loaded for partition __consumer_offsets-49 with initial high watermark 0 (kafka.cluster.Partition)
[2024-06-17 16:04:32,921] INFO [LogLoader partition=__consumer_offsets-39, dir=/tmp/kafka-logs] Loading producer state till offset 0 with message format version 2 (kafka.log.UnifiedLog$)
[2024-06-17 16:04:32,922] INFO Created log for partition __consumer_offsets-39 in /tmp/kafka-logs/__consumer_offsets-39 with properties {cleanup.policy=compact, compression.type="producer", segment.bytes=104857600} (kafka.log.LogManager)
[2024-06-17 16:04:32,922] INFO [Partition __consumer_offsets-39 broker=0] No checkpointed highwatermark is found for partition __consumer_offsets-39 (kafka.cluster.Partition)
[2024-06-17 16:04:32,922] INFO [Partition __consumer_offsets-39 broker=0] Log loaded for partition __consumer_offsets-39 with initial high watermark 0 (kafka.cluster.Partition)
[2024-06-17 16:04:32,933] INFO [LogLoader partition=__consumer_offsets-9, dir=/tmp/kafka-logs] Loading producer state till offset 0 with message format version 2 (kafka.log.UnifiedLog$)
[2024-06-17 16:04:32,933] INFO Created log for partition __consumer_offsets-9 in /tmp/kafka-logs/__consumer_offsets-9 with properties {cleanup.policy=compact, compression.type="producer", segment.bytes=104857600} (kafka.log.LogManager)
[2024-06-17 16:04:32,933] INFO [Partition __consumer_offsets-9 broker=0] No checkpointed highwatermark is found for partition __consumer_offsets-9 (kafka.cluster.Partition)
[2024-06-17 16:04:32,933] INFO [Partition __consumer_offsets-9 broker=0] Log loaded for partition __consumer_offsets-9 with initial high watermark 0 (kafka.cluster.Partition)
[2024-06-17 16:04:32,945] INFO [LogLoader partition=__consumer_offsets-24, dir=/tmp/kafka-logs] Loading producer state till offset 0 with message format version 2 (kafka.log.UnifiedLog$)
[2024-06-17 16:04:32,946] INFO Created log for partition __consumer_offsets-24 in /tmp/kafka-logs/__consumer_offsets-24 with properties {cleanup.policy=compact, compression.type="producer", segment.bytes=104857600} (kafka.log.LogManager)
[2024-06-17 16:04:32,946] INFO [Partition __consumer_offsets-24 broker=0] No checkpointed highwatermark is found for partition __consumer_offsets-24 (kafka.cluster.Partition)
[2024-06-17 16:04:32,946] INFO [Partition __consumer_offsets-24 broker=0] Log loaded for partition __consumer_offsets-24 with initial high watermark 0 (kafka.cluster.Partition)
[2024-06-17 16:04:32,957] INFO [LogLoader partition=__consumer_offsets-31, dir=/tmp/kafka-logs] Loading producer state till offset 0 with message format version 2 (kafka.log.UnifiedLog$)
[2024-06-17 16:04:32,957] INFO Created log for partition __consumer_offsets-31 in /tmp/kafka-logs/__consumer_offsets-31 with properties {cleanup.policy=compact, compression.type="producer", segment.bytes=104857600} (kafka.log.LogManager)
[2024-06-17 16:04:32,957] INFO [Partition __consumer_offsets-31 broker=0] No checkpointed highwatermark is found for partition __consumer_offsets-31 (kafka.cluster.Partition)
[2024-06-17 16:04:32,957] INFO [Partition __consumer_offsets-31 broker=0] Log loaded for partition __consumer_offsets-31 with initial high watermark 0 (kafka.cluster.Partition)
[2024-06-17 16:04:32,968] INFO [LogLoader partition=__consumer_offsets-46, dir=/tmp/kafka-logs] Loading producer state till offset 0 with message format version 2 (kafka.log.UnifiedLog$)
[2024-06-17 16:04:32,968] INFO Created log for partition __consumer_offsets-46 in /tmp/kafka-logs/__consumer_offsets-46 with properties {cleanup.policy=compact, compression.type="producer", segment.bytes=104857600} (kafka.log.LogManager)
[2024-06-17 16:04:32,968] INFO [Partition __consumer_offsets-46 broker=0] No checkpointed highwatermark is found for partition __consumer_offsets-46 (kafka.cluster.Partition)
[2024-06-17 16:04:32,968] INFO [Partition __consumer_offsets-46 broker=0] Log loaded for partition __consumer_offsets-46 with initial high watermark 0 (kafka.cluster.Partition)
[2024-06-17 16:04:32,978] INFO [LogLoader partition=__consumer_offsets-1, dir=/tmp/kafka-logs] Loading producer state till offset 0 with message format version 2 (kafka.log.UnifiedLog$)
[2024-06-17 16:04:32,978] INFO Created log for partition __consumer_offsets-1 in /tmp/kafka-logs/__consumer_offsets-1 with properties {cleanup.policy=compact, compression.type="producer", segment.bytes=104857600} (kafka.log.LogManager)
[2024-06-17 16:04:32,978] INFO [Partition __consumer_offsets-1 broker=0] No checkpointed highwatermark is found for partition __consumer_offsets-1 (kafka.cluster.Partition)
[2024-06-17 16:04:32,978] INFO [Partition __consumer_offsets-1 broker=0] Log loaded for partition __consumer_offsets-1 with initial high watermark 0 (kafka.cluster.Partition)
[2024-06-17 16:04:32,989] INFO [LogLoader partition=__consumer_offsets-16, dir=/tmp/kafka-logs] Loading producer state till offset 0 with message format version 2 (kafka.log.UnifiedLog$)
[2024-06-17 16:04:32,989] INFO Created log for partition __consumer_offsets-16 in /tmp/kafka-logs/__consumer_offsets-16 with properties {cleanup.policy=compact, compression.type="producer", segment.bytes=104857600} (kafka.log.LogManager)
[2024-06-17 16:04:32,989] INFO [Partition __consumer_offsets-16 broker=0] No checkpointed highwatermark is found for partition __consumer_offsets-16 (kafka.cluster.Partition)
[2024-06-17 16:04:32,989] INFO [Partition __consumer_offsets-16 broker=0] Log loaded for partition __consumer_offsets-16 with initial high watermark 0 (kafka.cluster.Partition)
[2024-06-17 16:04:33,000] INFO [LogLoader partition=__consumer_offsets-2, dir=/tmp/kafka-logs] Loading producer state till offset 0 with message format version 2 (kafka.log.UnifiedLog$)
[2024-06-17 16:04:33,000] INFO Created log for partition __consumer_offsets-2 in /tmp/kafka-logs/__consumer_offsets-2 with properties {cleanup.policy=compact, compression.type="producer", segment.bytes=104857600} (kafka.log.LogManager)
[2024-06-17 16:04:33,000] INFO [Partition __consumer_offsets-2 broker=0] No checkpointed highwatermark is found for partition __consumer_offsets-2 (kafka.cluster.Partition)
[2024-06-17 16:04:33,000] INFO [Partition __consumer_offsets-2 broker=0] Log loaded for partition __consumer_offsets-2 with initial high watermark 0 (kafka.cluster.Partition)
[2024-06-17 16:04:33,011] INFO [LogLoader partition=__consumer_offsets-25, dir=/tmp/kafka-logs] Loading producer state till offset 0 with message format version 2 (kafka.log.UnifiedLog$)
[2024-06-17 16:04:33,011] INFO Created log for partition __consumer_offsets-25 in /tmp/kafka-logs/__consumer_offsets-25 with properties {cleanup.policy=compact, compression.type="producer", segment.bytes=104857600} (kafka.log.LogManager)
[2024-06-17 16:04:33,011] INFO [Partition __consumer_offsets-25 broker=0] No checkpointed highwatermark is found for partition __consumer_offsets-25 (kafka.cluster.Partition)
[2024-06-17 16:04:33,011] INFO [Partition __consumer_offsets-25 broker=0] Log loaded for partition __consumer_offsets-25 with initial high watermark 0 (kafka.cluster.Partition)
[2024-06-17 16:04:33,022] INFO [LogLoader partition=__consumer_offsets-40, dir=/tmp/kafka-logs] Loading producer state till offset 0 with message format version 2 (kafka.log.UnifiedLog$)
[2024-06-17 16:04:33,023] INFO Created log for partition __consumer_offsets-40 in /tmp/kafka-logs/__consumer_offsets-40 with properties {cleanup.policy=compact, compression.type="producer", segment.bytes=104857600} (kafka.log.LogManager)
[2024-06-17 16:04:33,023] INFO [Partition __consumer_offsets-40 broker=0] No checkpointed highwatermark is found for partition __consumer_offsets-40 (kafka.cluster.Partition)
[2024-06-17 16:04:33,023] INFO [Partition __consumer_offsets-40 broker=0] Log loaded for partition __consumer_offsets-40 with initial high watermark 0 (kafka.cluster.Partition)
[2024-06-17 16:04:33,034] INFO [LogLoader partition=__consumer_offsets-47, dir=/tmp/kafka-logs] Loading producer state till offset 0 with message format version 2 (kafka.log.UnifiedLog$)
[2024-06-17 16:04:33,034] INFO Created log for partition __consumer_offsets-47 in /tmp/kafka-logs/__consumer_offsets-47 with properties {cleanup.policy=compact, compression.type="producer", segment.bytes=104857600} (kafka.log.LogManager)
[2024-06-17 16:04:33,034] INFO [Partition __consumer_offsets-47 broker=0] No checkpointed highwatermark is found for partition __consumer_offsets-47 (kafka.cluster.Partition)
[2024-06-17 16:04:33,034] INFO [Partition __consumer_offsets-47 broker=0] Log loaded for partition __consumer_offsets-47 with initial high watermark 0 (kafka.cluster.Partition)
[2024-06-17 16:04:33,044] INFO [LogLoader partition=__consumer_offsets-17, dir=/tmp/kafka-logs] Loading producer state till offset 0 with message format version 2 (kafka.log.UnifiedLog$)
[2024-06-17 16:04:33,044] INFO Created log for partition __consumer_offsets-17 in /tmp/kafka-logs/__consumer_offsets-17 with properties {cleanup.policy=compact, compression.type="producer", segment.bytes=104857600} (kafka.log.LogManager)
[2024-06-17 16:04:33,044] INFO [Partition __consumer_offsets-17 broker=0] No checkpointed highwatermark is found for partition __consumer_offsets-17 (kafka.cluster.Partition)
[2024-06-17 16:04:33,044] INFO [Partition __consumer_offsets-17 broker=0] Log loaded for partition __consumer_offsets-17 with initial high watermark 0 (kafka.cluster.Partition)
[2024-06-17 16:04:33,055] INFO [LogLoader partition=__consumer_offsets-32, dir=/tmp/kafka-logs] Loading producer state till offset 0 with message format version 2 (kafka.log.UnifiedLog$)
[2024-06-17 16:04:33,055] INFO Created log for partition __consumer_offsets-32 in /tmp/kafka-logs/__consumer_offsets-32 with properties {cleanup.policy=compact, compression.type="producer", segment.bytes=104857600} (kafka.log.LogManager)
[2024-06-17 16:04:33,055] INFO [Partition __consumer_offsets-32 broker=0] No checkpointed highwatermark is found for partition __consumer_offsets-32 (kafka.cluster.Partition)
[2024-06-17 16:04:33,055] INFO [Partition __consumer_offsets-32 broker=0] Log loaded for partition __consumer_offsets-32 with initial high watermark 0 (kafka.cluster.Partition)
[2024-06-17 16:04:33,065] INFO [LogLoader partition=__consumer_offsets-37, dir=/tmp/kafka-logs] Loading producer state till offset 0 with message format version 2 (kafka.log.UnifiedLog$)
[2024-06-17 16:04:33,065] INFO Created log for partition __consumer_offsets-37 in /tmp/kafka-logs/__consumer_offsets-37 with properties {cleanup.policy=compact, compression.type="producer", segment.bytes=104857600} (kafka.log.LogManager)
[2024-06-17 16:04:33,065] INFO [Partition __consumer_offsets-37 broker=0] No checkpointed highwatermark is found for partition __consumer_offsets-37 (kafka.cluster.Partition)
[2024-06-17 16:04:33,065] INFO [Partition __consumer_offsets-37 broker=0] Log loaded for partition __consumer_offsets-37 with initial high watermark 0 (kafka.cluster.Partition)
[2024-06-17 16:04:33,077] INFO [LogLoader partition=__consumer_offsets-7, dir=/tmp/kafka-logs] Loading producer state till offset 0 with message format version 2 (kafka.log.UnifiedLog$)
[2024-06-17 16:04:33,077] INFO Created log for partition __consumer_offsets-7 in /tmp/kafka-logs/__consumer_offsets-7 with properties {cleanup.policy=compact, compression.type="producer", segment.bytes=104857600} (kafka.log.LogManager)
[2024-06-17 16:04:33,077] INFO [Partition __consumer_offsets-7 broker=0] No checkpointed highwatermark is found for partition __consumer_offsets-7 (kafka.cluster.Partition)
[2024-06-17 16:04:33,077] INFO [Partition __consumer_offsets-7 broker=0] Log loaded for partition __consumer_offsets-7 with initial high watermark 0 (kafka.cluster.Partition)
[2024-06-17 16:04:33,089] INFO [LogLoader partition=__consumer_offsets-22, dir=/tmp/kafka-logs] Loading producer state till offset 0 with message format version 2 (kafka.log.UnifiedLog$)
[2024-06-17 16:04:33,089] INFO Created log for partition __consumer_offsets-22 in /tmp/kafka-logs/__consumer_offsets-22 with properties {cleanup.policy=compact, compression.type="producer", segment.bytes=104857600} (kafka.log.LogManager)
[2024-06-17 16:04:33,089] INFO [Partition __consumer_offsets-22 broker=0] No checkpointed highwatermark is found for partition __consumer_offsets-22 (kafka.cluster.Partition)
[2024-06-17 16:04:33,089] INFO [Partition __consumer_offsets-22 broker=0] Log loaded for partition __consumer_offsets-22 with initial high watermark 0 (kafka.cluster.Partition)
[2024-06-17 16:04:33,100] INFO [LogLoader partition=__consumer_offsets-29, dir=/tmp/kafka-logs] Loading producer state till offset 0 with message format version 2 (kafka.log.UnifiedLog$)
[2024-06-17 16:04:33,101] INFO Created log for partition __consumer_offsets-29 in /tmp/kafka-logs/__consumer_offsets-29 with properties {cleanup.policy=compact, compression.type="producer", segment.bytes=104857600} (kafka.log.LogManager)
[2024-06-17 16:04:33,101] INFO [Partition __consumer_offsets-29 broker=0] No checkpointed highwatermark is found for partition __consumer_offsets-29 (kafka.cluster.Partition)
[2024-06-17 16:04:33,101] INFO [Partition __consumer_offsets-29 broker=0] Log loaded for partition __consumer_offsets-29 with initial high watermark 0 (kafka.cluster.Partition)
[2024-06-17 16:04:33,112] INFO [LogLoader partition=__consumer_offsets-44, dir=/tmp/kafka-logs] Loading producer state till offset 0 with message format version 2 (kafka.log.UnifiedLog$)
[2024-06-17 16:04:33,113] INFO Created log for partition __consumer_offsets-44 in /tmp/kafka-logs/__consumer_offsets-44 with properties {cleanup.policy=compact, compression.type="producer", segment.bytes=104857600} (kafka.log.LogManager)
[2024-06-17 16:04:33,113] INFO [Partition __consumer_offsets-44 broker=0] No checkpointed highwatermark is found for partition __consumer_offsets-44 (kafka.cluster.Partition)
[2024-06-17 16:04:33,113] INFO [Partition __consumer_offsets-44 broker=0] Log loaded for partition __consumer_offsets-44 with initial high watermark 0 (kafka.cluster.Partition)
[2024-06-17 16:04:33,125] INFO [LogLoader partition=__consumer_offsets-14, dir=/tmp/kafka-logs] Loading producer state till offset 0 with message format version 2 (kafka.log.UnifiedLog$)
[2024-06-17 16:04:33,125] INFO Created log for partition __consumer_offsets-14 in /tmp/kafka-logs/__consumer_offsets-14 with properties {cleanup.policy=compact, compression.type="producer", segment.bytes=104857600} (kafka.log.LogManager)
[2024-06-17 16:04:33,125] INFO [Partition __consumer_offsets-14 broker=0] No checkpointed highwatermark is found for partition __consumer_offsets-14 (kafka.cluster.Partition)
[2024-06-17 16:04:33,125] INFO [Partition __consumer_offsets-14 broker=0] Log loaded for partition __consumer_offsets-14 with initial high watermark 0 (kafka.cluster.Partition)
[2024-06-17 16:04:33,138] INFO [LogLoader partition=__consumer_offsets-23, dir=/tmp/kafka-logs] Loading producer state till offset 0 with message format version 2 (kafka.log.UnifiedLog$)
[2024-06-17 16:04:33,138] INFO Created log for partition __consumer_offsets-23 in /tmp/kafka-logs/__consumer_offsets-23 with properties {cleanup.policy=compact, compression.type="producer", segment.bytes=104857600} (kafka.log.LogManager)
[2024-06-17 16:04:33,138] INFO [Partition __consumer_offsets-23 broker=0] No checkpointed highwatermark is found for partition __consumer_offsets-23 (kafka.cluster.Partition)
[2024-06-17 16:04:33,138] INFO [Partition __consumer_offsets-23 broker=0] Log loaded for partition __consumer_offsets-23 with initial high watermark 0 (kafka.cluster.Partition)
[2024-06-17 16:04:33,150] INFO [LogLoader partition=__consumer_offsets-38, dir=/tmp/kafka-logs] Loading producer state till offset 0 with message format version 2 (kafka.log.UnifiedLog$)
[2024-06-17 16:04:33,151] INFO Created log for partition __consumer_offsets-38 in /tmp/kafka-logs/__consumer_offsets-38 with properties {cleanup.policy=compact, compression.type="producer", segment.bytes=104857600} (kafka.log.LogManager)
[2024-06-17 16:04:33,151] INFO [Partition __consumer_offsets-38 broker=0] No checkpointed highwatermark is found for partition __consumer_offsets-38 (kafka.cluster.Partition)
[2024-06-17 16:04:33,151] INFO [Partition __consumer_offsets-38 broker=0] Log loaded for partition __consumer_offsets-38 with initial high watermark 0 (kafka.cluster.Partition)
[2024-06-17 16:04:33,160] INFO [LogLoader partition=__consumer_offsets-8, dir=/tmp/kafka-logs] Loading producer state till offset 0 with message format version 2 (kafka.log.UnifiedLog$)
[2024-06-17 16:04:33,161] INFO Created log for partition __consumer_offsets-8 in /tmp/kafka-logs/__consumer_offsets-8 with properties {cleanup.policy=compact, compression.type="producer", segment.bytes=104857600} (kafka.log.LogManager)
[2024-06-17 16:04:33,161] INFO [Partition __consumer_offsets-8 broker=0] No checkpointed highwatermark is found for partition __consumer_offsets-8 (kafka.cluster.Partition)
[2024-06-17 16:04:33,161] INFO [Partition __consumer_offsets-8 broker=0] Log loaded for partition __consumer_offsets-8 with initial high watermark 0 (kafka.cluster.Partition)
[2024-06-17 16:04:33,171] INFO [LogLoader partition=__consumer_offsets-45, dir=/tmp/kafka-logs] Loading producer state till offset 0 with message format version 2 (kafka.log.UnifiedLog$)
[2024-06-17 16:04:33,171] INFO Created log for partition __consumer_offsets-45 in /tmp/kafka-logs/__consumer_offsets-45 with properties {cleanup.policy=compact, compression.type="producer", segment.bytes=104857600} (kafka.log.LogManager)
[2024-06-17 16:04:33,172] INFO [Partition __consumer_offsets-45 broker=0] No checkpointed highwatermark is found for partition __consumer_offsets-45 (kafka.cluster.Partition)
[2024-06-17 16:04:33,172] INFO [Partition __consumer_offsets-45 broker=0] Log loaded for partition __consumer_offsets-45 with initial high watermark 0 (kafka.cluster.Partition)
[2024-06-17 16:04:33,182] INFO [LogLoader partition=__consumer_offsets-15, dir=/tmp/kafka-logs] Loading producer state till offset 0 with message format version 2 (kafka.log.UnifiedLog$)
[2024-06-17 16:04:33,183] INFO Created log for partition __consumer_offsets-15 in /tmp/kafka-logs/__consumer_offsets-15 with properties {cleanup.policy=compact, compression.type="producer", segment.bytes=104857600} (kafka.log.LogManager)
[2024-06-17 16:04:33,183] INFO [Partition __consumer_offsets-15 broker=0] No checkpointed highwatermark is found for partition __consumer_offsets-15 (kafka.cluster.Partition)
[2024-06-17 16:04:33,183] INFO [Partition __consumer_offsets-15 broker=0] Log loaded for partition __consumer_offsets-15 with initial high watermark 0 (kafka.cluster.Partition)
[2024-06-17 16:04:33,193] INFO [LogLoader partition=__consumer_offsets-30, dir=/tmp/kafka-logs] Loading producer state till offset 0 with message format version 2 (kafka.log.UnifiedLog$)
[2024-06-17 16:04:33,193] INFO Created log for partition __consumer_offsets-30 in /tmp/kafka-logs/__consumer_offsets-30 with properties {cleanup.policy=compact, compression.type="producer", segment.bytes=104857600} (kafka.log.LogManager)
[2024-06-17 16:04:33,193] INFO [Partition __consumer_offsets-30 broker=0] No checkpointed highwatermark is found for partition __consumer_offsets-30 (kafka.cluster.Partition)
[2024-06-17 16:04:33,193] INFO [Partition __consumer_offsets-30 broker=0] Log loaded for partition __consumer_offsets-30 with initial high watermark 0 (kafka.cluster.Partition)
[2024-06-17 16:04:33,203] INFO [LogLoader partition=__consumer_offsets-0, dir=/tmp/kafka-logs] Loading producer state till offset 0 with message format version 2 (kafka.log.UnifiedLog$)
[2024-06-17 16:04:33,204] INFO Created log for partition __consumer_offsets-0 in /tmp/kafka-logs/__consumer_offsets-0 with properties {cleanup.policy=compact, compression.type="producer", segment.bytes=104857600} (kafka.log.LogManager)
[2024-06-17 16:04:33,204] INFO [Partition __consumer_offsets-0 broker=0] No checkpointed highwatermark is found for partition __consumer_offsets-0 (kafka.cluster.Partition)
[2024-06-17 16:04:33,204] INFO [Partition __consumer_offsets-0 broker=0] Log loaded for partition __consumer_offsets-0 with initial high watermark 0 (kafka.cluster.Partition)
[2024-06-17 16:04:33,214] INFO [LogLoader partition=__consumer_offsets-35, dir=/tmp/kafka-logs] Loading producer state till offset 0 with message format version 2 (kafka.log.UnifiedLog$)
[2024-06-17 16:04:33,215] INFO Created log for partition __consumer_offsets-35 in /tmp/kafka-logs/__consumer_offsets-35 with properties {cleanup.policy=compact, compression.type="producer", segment.bytes=104857600} (kafka.log.LogManager)
[2024-06-17 16:04:33,215] INFO [Partition __consumer_offsets-35 broker=0] No checkpointed highwatermark is found for partition __consumer_offsets-35 (kafka.cluster.Partition)
[2024-06-17 16:04:33,215] INFO [Partition __consumer_offsets-35 broker=0] Log loaded for partition __consumer_offsets-35 with initial high watermark 0 (kafka.cluster.Partition)
[2024-06-17 16:04:33,225] INFO [LogLoader partition=__consumer_offsets-5, dir=/tmp/kafka-logs] Loading producer state till offset 0 with message format version 2 (kafka.log.UnifiedLog$)
[2024-06-17 16:04:33,225] INFO Created log for partition __consumer_offsets-5 in /tmp/kafka-logs/__consumer_offsets-5 with properties {cleanup.policy=compact, compression.type="producer", segment.bytes=104857600} (kafka.log.LogManager)
[2024-06-17 16:04:33,226] INFO [Partition __consumer_offsets-5 broker=0] No checkpointed highwatermark is found for partition __consumer_offsets-5 (kafka.cluster.Partition)
[2024-06-17 16:04:33,226] INFO [Partition __consumer_offsets-5 broker=0] Log loaded for partition __consumer_offsets-5 with initial high watermark 0 (kafka.cluster.Partition)
[2024-06-17 16:04:33,235] INFO [LogLoader partition=__consumer_offsets-20, dir=/tmp/kafka-logs] Loading producer state till offset 0 with message format version 2 (kafka.log.UnifiedLog$)
[2024-06-17 16:04:33,236] INFO Created log for partition __consumer_offsets-20 in /tmp/kafka-logs/__consumer_offsets-20 with properties {cleanup.policy=compact, compression.type="producer", segment.bytes=104857600} (kafka.log.LogManager)
[2024-06-17 16:04:33,236] INFO [Partition __consumer_offsets-20 broker=0] No checkpointed highwatermark is found for partition __consumer_offsets-20 (kafka.cluster.Partition)
[2024-06-17 16:04:33,236] INFO [Partition __consumer_offsets-20 broker=0] Log loaded for partition __consumer_offsets-20 with initial high watermark 0 (kafka.cluster.Partition)
[2024-06-17 16:04:33,245] INFO [LogLoader partition=__consumer_offsets-27, dir=/tmp/kafka-logs] Loading producer state till offset 0 with message format version 2 (kafka.log.UnifiedLog$)
[2024-06-17 16:04:33,245] INFO Created log for partition __consumer_offsets-27 in /tmp/kafka-logs/__consumer_offsets-27 with properties {cleanup.policy=compact, compression.type="producer", segment.bytes=104857600} (kafka.log.LogManager)
[2024-06-17 16:04:33,245] INFO [Partition __consumer_offsets-27 broker=0] No checkpointed highwatermark is found for partition __consumer_offsets-27 (kafka.cluster.Partition)
[2024-06-17 16:04:33,245] INFO [Partition __consumer_offsets-27 broker=0] Log loaded for partition __consumer_offsets-27 with initial high watermark 0 (kafka.cluster.Partition)
[2024-06-17 16:04:33,255] INFO [LogLoader partition=__consumer_offsets-42, dir=/tmp/kafka-logs] Loading producer state till offset 0 with message format version 2 (kafka.log.UnifiedLog$)
[2024-06-17 16:04:33,256] INFO Created log for partition __consumer_offsets-42 in /tmp/kafka-logs/__consumer_offsets-42 with properties {cleanup.policy=compact, compression.type="producer", segment.bytes=104857600} (kafka.log.LogManager)
[2024-06-17 16:04:33,256] INFO [Partition __consumer_offsets-42 broker=0] No checkpointed highwatermark is found for partition __consumer_offsets-42 (kafka.cluster.Partition)
[2024-06-17 16:04:33,256] INFO [Partition __consumer_offsets-42 broker=0] Log loaded for partition __consumer_offsets-42 with initial high watermark 0 (kafka.cluster.Partition)
[2024-06-17 16:04:33,266] INFO [LogLoader partition=__consumer_offsets-12, dir=/tmp/kafka-logs] Loading producer state till offset 0 with message format version 2 (kafka.log.UnifiedLog$)
[2024-06-17 16:04:33,267] INFO Created log for partition __consumer_offsets-12 in /tmp/kafka-logs/__consumer_offsets-12 with properties {cleanup.policy=compact, compression.type="producer", segment.bytes=104857600} (kafka.log.LogManager)
[2024-06-17 16:04:33,267] INFO [Partition __consumer_offsets-12 broker=0] No checkpointed highwatermark is found for partition __consumer_offsets-12 (kafka.cluster.Partition)
[2024-06-17 16:04:33,267] INFO [Partition __consumer_offsets-12 broker=0] Log loaded for partition __consumer_offsets-12 with initial high watermark 0 (kafka.cluster.Partition)
[2024-06-17 16:04:33,278] INFO [LogLoader partition=__consumer_offsets-21, dir=/tmp/kafka-logs] Loading producer state till offset 0 with message format version 2 (kafka.log.UnifiedLog$)
[2024-06-17 16:04:33,278] INFO Created log for partition __consumer_offsets-21 in /tmp/kafka-logs/__consumer_offsets-21 with properties {cleanup.policy=compact, compression.type="producer", segment.bytes=104857600} (kafka.log.LogManager)
[2024-06-17 16:04:33,278] INFO [Partition __consumer_offsets-21 broker=0] No checkpointed highwatermark is found for partition __consumer_offsets-21 (kafka.cluster.Partition)
[2024-06-17 16:04:33,278] INFO [Partition __consumer_offsets-21 broker=0] Log loaded for partition __consumer_offsets-21 with initial high watermark 0 (kafka.cluster.Partition)
[2024-06-17 16:04:33,288] INFO [LogLoader partition=__consumer_offsets-36, dir=/tmp/kafka-logs] Loading producer state till offset 0 with message format version 2 (kafka.log.UnifiedLog$)
[2024-06-17 16:04:33,289] INFO Created log for partition __consumer_offsets-36 in /tmp/kafka-logs/__consumer_offsets-36 with properties {cleanup.policy=compact, compression.type="producer", segment.bytes=104857600} (kafka.log.LogManager)
[2024-06-17 16:04:33,289] INFO [Partition __consumer_offsets-36 broker=0] No checkpointed highwatermark is found for partition __consumer_offsets-36 (kafka.cluster.Partition)
[2024-06-17 16:04:33,289] INFO [Partition __consumer_offsets-36 broker=0] Log loaded for partition __consumer_offsets-36 with initial high watermark 0 (kafka.cluster.Partition)
[2024-06-17 16:04:33,300] INFO [LogLoader partition=__consumer_offsets-6, dir=/tmp/kafka-logs] Loading producer state till offset 0 with message format version 2 (kafka.log.UnifiedLog$)
[2024-06-17 16:04:33,300] INFO Created log for partition __consumer_offsets-6 in /tmp/kafka-logs/__consumer_offsets-6 with properties {cleanup.policy=compact, compression.type="producer", segment.bytes=104857600} (kafka.log.LogManager)
[2024-06-17 16:04:33,300] INFO [Partition __consumer_offsets-6 broker=0] No checkpointed highwatermark is found for partition __consumer_offsets-6 (kafka.cluster.Partition)
[2024-06-17 16:04:33,300] INFO [Partition __consumer_offsets-6 broker=0] Log loaded for partition __consumer_offsets-6 with initial high watermark 0 (kafka.cluster.Partition)
[2024-06-17 16:04:33,310] INFO [LogLoader partition=__consumer_offsets-43, dir=/tmp/kafka-logs] Loading producer state till offset 0 with message format version 2 (kafka.log.UnifiedLog$)
[2024-06-17 16:04:33,311] INFO Created log for partition __consumer_offsets-43 in /tmp/kafka-logs/__consumer_offsets-43 with properties {cleanup.policy=compact, compression.type="producer", segment.bytes=104857600} (kafka.log.LogManager)
[2024-06-17 16:04:33,311] INFO [Partition __consumer_offsets-43 broker=0] No checkpointed highwatermark is found for partition __consumer_offsets-43 (kafka.cluster.Partition)
[2024-06-17 16:04:33,311] INFO [Partition __consumer_offsets-43 broker=0] Log loaded for partition __consumer_offsets-43 with initial high watermark 0 (kafka.cluster.Partition)
[2024-06-17 16:04:33,320] INFO [LogLoader partition=__consumer_offsets-13, dir=/tmp/kafka-logs] Loading producer state till offset 0 with message format version 2 (kafka.log.UnifiedLog$)
[2024-06-17 16:04:33,320] INFO Created log for partition __consumer_offsets-13 in /tmp/kafka-logs/__consumer_offsets-13 with properties {cleanup.policy=compact, compression.type="producer", segment.bytes=104857600} (kafka.log.LogManager)
[2024-06-17 16:04:33,320] INFO [Partition __consumer_offsets-13 broker=0] No checkpointed highwatermark is found for partition __consumer_offsets-13 (kafka.cluster.Partition)
[2024-06-17 16:04:33,320] INFO [Partition __consumer_offsets-13 broker=0] Log loaded for partition __consumer_offsets-13 with initial high watermark 0 (kafka.cluster.Partition)
[2024-06-17 16:04:33,330] INFO [LogLoader partition=__consumer_offsets-28, dir=/tmp/kafka-logs] Loading producer state till offset 0 with message format version 2 (kafka.log.UnifiedLog$)
[2024-06-17 16:04:33,330] INFO Created log for partition __consumer_offsets-28 in /tmp/kafka-logs/__consumer_offsets-28 with properties {cleanup.policy=compact, compression.type="producer", segment.bytes=104857600} (kafka.log.LogManager)
[2024-06-17 16:04:33,330] INFO [Partition __consumer_offsets-28 broker=0] No checkpointed highwatermark is found for partition __consumer_offsets-28 (kafka.cluster.Partition)
[2024-06-17 16:04:33,330] INFO [Partition __consumer_offsets-28 broker=0] Log loaded for partition __consumer_offsets-28 with initial high watermark 0 (kafka.cluster.Partition)
[2024-06-17 16:04:33,339] INFO [GroupCoordinator 0]: Elected as the group coordinator for partition 3 in epoch 0 (kafka.coordinator.group.GroupCoordinator)
[2024-06-17 16:04:33,340] INFO [GroupMetadataManager brokerId=0] Scheduling loading of offsets and group metadata from __consumer_offsets-3 for epoch 0 (kafka.coordinator.group.GroupMetadataManager)
[2024-06-17 16:04:33,340] INFO [GroupCoordinator 0]: Elected as the group coordinator for partition 18 in epoch 0 (kafka.coordinator.group.GroupCoordinator)
[2024-06-17 16:04:33,340] INFO [GroupMetadataManager brokerId=0] Scheduling loading of offsets and group metadata from __consumer_offsets-18 for epoch 0 (kafka.coordinator.group.GroupMetadataManager)
[2024-06-17 16:04:33,340] INFO [GroupCoordinator 0]: Elected as the group coordinator for partition 41 in epoch 0 (kafka.coordinator.group.GroupCoordinator)
[2024-06-17 16:04:33,340] INFO [GroupMetadataManager brokerId=0] Scheduling loading of offsets and group metadata from __consumer_offsets-41 for epoch 0 (kafka.coordinator.group.GroupMetadataManager)
[2024-06-17 16:04:33,340] INFO [GroupCoordinator 0]: Elected as the group coordinator for partition 10 in epoch 0 (kafka.coordinator.group.GroupCoordinator)
[2024-06-17 16:04:33,340] INFO [GroupMetadataManager brokerId=0] Scheduling loading of offsets and group metadata from __consumer_offsets-10 for epoch 0 (kafka.coordinator.group.GroupMetadataManager)
[2024-06-17 16:04:33,340] INFO [GroupCoordinator 0]: Elected as the group coordinator for partition 33 in epoch 0 (kafka.coordinator.group.GroupCoordinator)
[2024-06-17 16:04:33,340] INFO [GroupMetadataManager brokerId=0] Scheduling loading of offsets and group metadata from __consumer_offsets-33 for epoch 0 (kafka.coordinator.group.GroupMetadataManager)
[2024-06-17 16:04:33,340] INFO [GroupCoordinator 0]: Elected as the group coordinator for partition 48 in epoch 0 (kafka.coordinator.group.GroupCoordinator)
[2024-06-17 16:04:33,341] INFO [GroupMetadataManager brokerId=0] Scheduling loading of offsets and group metadata from __consumer_offsets-48 for epoch 0 (kafka.coordinator.group.GroupMetadataManager)
[2024-06-17 16:04:33,341] INFO [GroupCoordinator 0]: Elected as the group coordinator for partition 19 in epoch 0 (kafka.coordinator.group.GroupCoordinator)
[2024-06-17 16:04:33,341] INFO [GroupMetadataManager brokerId=0] Scheduling loading of offsets and group metadata from __consumer_offsets-19 for epoch 0 (kafka.coordinator.group.GroupMetadataManager)
[2024-06-17 16:04:33,341] INFO [GroupCoordinator 0]: Elected as the group coordinator for partition 34 in epoch 0 (kafka.coordinator.group.GroupCoordinator)
[2024-06-17 16:04:33,341] INFO [GroupMetadataManager brokerId=0] Scheduling loading of offsets and group metadata from __consumer_offsets-34 for epoch 0 (kafka.coordinator.group.GroupMetadataManager)
[2024-06-17 16:04:33,341] INFO [GroupCoordinator 0]: Elected as the group coordinator for partition 4 in epoch 0 (kafka.coordinator.group.GroupCoordinator)
[2024-06-17 16:04:33,341] INFO [GroupMetadataManager brokerId=0] Scheduling loading of offsets and group metadata from __consumer_offsets-4 for epoch 0 (kafka.coordinator.group.GroupMetadataManager)
[2024-06-17 16:04:33,341] INFO [GroupCoordinator 0]: Elected as the group coordinator for partition 11 in epoch 0 (kafka.coordinator.group.GroupCoordinator)
[2024-06-17 16:04:33,341] INFO [GroupMetadataManager brokerId=0] Scheduling loading of offsets and group metadata from __consumer_offsets-11 for epoch 0 (kafka.coordinator.group.GroupMetadataManager)
[2024-06-17 16:04:33,341] INFO [GroupCoordinator 0]: Elected as the group coordinator for partition 26 in epoch 0 (kafka.coordinator.group.GroupCoordinator)
[2024-06-17 16:04:33,341] INFO [GroupMetadataManager brokerId=0] Scheduling loading of offsets and group metadata from __consumer_offsets-26 for epoch 0 (kafka.coordinator.group.GroupMetadataManager)
[2024-06-17 16:04:33,341] INFO [GroupCoordinator 0]: Elected as the group coordinator for partition 49 in epoch 0 (kafka.coordinator.group.GroupCoordinator)
[2024-06-17 16:04:33,341] INFO [GroupMetadataManager brokerId=0] Scheduling loading of offsets and group metadata from __consumer_offsets-49 for epoch 0 (kafka.coordinator.group.GroupMetadataManager)
[2024-06-17 16:04:33,341] INFO [GroupCoordinator 0]: Elected as the group coordinator for partition 39 in epoch 0 (kafka.coordinator.group.GroupCoordinator)
[2024-06-17 16:04:33,341] INFO [GroupMetadataManager brokerId=0] Scheduling loading of offsets and group metadata from __consumer_offsets-39 for epoch 0 (kafka.coordinator.group.GroupMetadataManager)
[2024-06-17 16:04:33,341] INFO [GroupCoordinator 0]: Elected as the group coordinator for partition 9 in epoch 0 (kafka.coordinator.group.GroupCoordinator)
[2024-06-17 16:04:33,341] INFO [GroupMetadataManager brokerId=0] Scheduling loading of offsets and group metadata from __consumer_offsets-9 for epoch 0 (kafka.coordinator.group.GroupMetadataManager)
[2024-06-17 16:04:33,341] INFO [GroupCoordinator 0]: Elected as the group coordinator for partition 24 in epoch 0 (kafka.coordinator.group.GroupCoordinator)
[2024-06-17 16:04:33,341] INFO [GroupMetadataManager brokerId=0] Scheduling loading of offsets and group metadata from __consumer_offsets-24 for epoch 0 (kafka.coordinator.group.GroupMetadataManager)
[2024-06-17 16:04:33,341] INFO [GroupCoordinator 0]: Elected as the group coordinator for partition 31 in epoch 0 (kafka.coordinator.group.GroupCoordinator)
[2024-06-17 16:04:33,341] INFO [GroupMetadataManager brokerId=0] Scheduling loading of offsets and group metadata from __consumer_offsets-31 for epoch 0 (kafka.coordinator.group.GroupMetadataManager)
[2024-06-17 16:04:33,341] INFO [GroupCoordinator 0]: Elected as the group coordinator for partition 46 in epoch 0 (kafka.coordinator.group.GroupCoordinator)
[2024-06-17 16:04:33,341] INFO [GroupMetadataManager brokerId=0] Scheduling loading of offsets and group metadata from __consumer_offsets-46 for epoch 0 (kafka.coordinator.group.GroupMetadataManager)
[2024-06-17 16:04:33,341] INFO [GroupCoordinator 0]: Elected as the group coordinator for partition 1 in epoch 0 (kafka.coordinator.group.GroupCoordinator)
[2024-06-17 16:04:33,341] INFO [GroupMetadataManager brokerId=0] Scheduling loading of offsets and group metadata from __consumer_offsets-1 for epoch 0 (kafka.coordinator.group.GroupMetadataManager)
[2024-06-17 16:04:33,341] INFO [GroupCoordinator 0]: Elected as the group coordinator for partition 16 in epoch 0 (kafka.coordinator.group.GroupCoordinator)
[2024-06-17 16:04:33,341] INFO [GroupMetadataManager brokerId=0] Scheduling loading of offsets and group metadata from __consumer_offsets-16 for epoch 0 (kafka.coordinator.group.GroupMetadataManager)
[2024-06-17 16:04:33,341] INFO [GroupCoordinator 0]: Elected as the group coordinator for partition 2 in epoch 0 (kafka.coordinator.group.GroupCoordinator)
[2024-06-17 16:04:33,341] INFO [GroupMetadataManager brokerId=0] Scheduling loading of offsets and group metadata from __consumer_offsets-2 for epoch 0 (kafka.coordinator.group.GroupMetadataManager)
[2024-06-17 16:04:33,341] INFO [GroupCoordinator 0]: Elected as the group coordinator for partition 25 in epoch 0 (kafka.coordinator.group.GroupCoordinator)
[2024-06-17 16:04:33,341] INFO [GroupMetadataManager brokerId=0] Scheduling loading of offsets and group metadata from __consumer_offsets-25 for epoch 0 (kafka.coordinator.group.GroupMetadataManager)
[2024-06-17 16:04:33,341] INFO [GroupCoordinator 0]: Elected as the group coordinator for partition 40 in epoch 0 (kafka.coordinator.group.GroupCoordinator)
[2024-06-17 16:04:33,341] INFO [GroupMetadataManager brokerId=0] Scheduling loading of offsets and group metadata from __consumer_offsets-40 for epoch 0 (kafka.coordinator.group.GroupMetadataManager)
[2024-06-17 16:04:33,341] INFO [GroupCoordinator 0]: Elected as the group coordinator for partition 47 in epoch 0 (kafka.coordinator.group.GroupCoordinator)
[2024-06-17 16:04:33,341] INFO [GroupMetadataManager brokerId=0] Scheduling loading of offsets and group metadata from __consumer_offsets-47 for epoch 0 (kafka.coordinator.group.GroupMetadataManager)
[2024-06-17 16:04:33,341] INFO [GroupCoordinator 0]: Elected as the group coordinator for partition 17 in epoch 0 (kafka.coordinator.group.GroupCoordinator)
[2024-06-17 16:04:33,341] INFO [GroupMetadataManager brokerId=0] Scheduling loading of offsets and group metadata from __consumer_offsets-17 for epoch 0 (kafka.coordinator.group.GroupMetadataManager)
[2024-06-17 16:04:33,341] INFO [GroupCoordinator 0]: Elected as the group coordinator for partition 32 in epoch 0 (kafka.coordinator.group.GroupCoordinator)
[2024-06-17 16:04:33,341] INFO [GroupMetadataManager brokerId=0] Scheduling loading of offsets and group metadata from __consumer_offsets-32 for epoch 0 (kafka.coordinator.group.GroupMetadataManager)
[2024-06-17 16:04:33,341] INFO [GroupCoordinator 0]: Elected as the group coordinator for partition 37 in epoch 0 (kafka.coordinator.group.GroupCoordinator)
[2024-06-17 16:04:33,341] INFO [GroupMetadataManager brokerId=0] Scheduling loading of offsets and group metadata from __consumer_offsets-37 for epoch 0 (kafka.coordinator.group.GroupMetadataManager)
[2024-06-17 16:04:33,341] INFO [GroupCoordinator 0]: Elected as the group coordinator for partition 7 in epoch 0 (kafka.coordinator.group.GroupCoordinator)
[2024-06-17 16:04:33,341] INFO [GroupMetadataManager brokerId=0] Scheduling loading of offsets and group metadata from __consumer_offsets-7 for epoch 0 (kafka.coordinator.group.GroupMetadataManager)
[2024-06-17 16:04:33,341] INFO [GroupCoordinator 0]: Elected as the group coordinator for partition 22 in epoch 0 (kafka.coordinator.group.GroupCoordinator)
[2024-06-17 16:04:33,341] INFO [GroupMetadataManager brokerId=0] Scheduling loading of offsets and group metadata from __consumer_offsets-22 for epoch 0 (kafka.coordinator.group.GroupMetadataManager)
[2024-06-17 16:04:33,341] INFO [GroupCoordinator 0]: Elected as the group coordinator for partition 29 in epoch 0 (kafka.coordinator.group.GroupCoordinator)
[2024-06-17 16:04:33,341] INFO [GroupMetadataManager brokerId=0] Scheduling loading of offsets and group metadata from __consumer_offsets-29 for epoch 0 (kafka.coordinator.group.GroupMetadataManager)
[2024-06-17 16:04:33,341] INFO [GroupCoordinator 0]: Elected as the group coordinator for partition 44 in epoch 0 (kafka.coordinator.group.GroupCoordinator)
[2024-06-17 16:04:33,341] INFO [GroupMetadataManager brokerId=0] Scheduling loading of offsets and group metadata from __consumer_offsets-44 for epoch 0 (kafka.coordinator.group.GroupMetadataManager)
[2024-06-17 16:04:33,341] INFO [GroupCoordinator 0]: Elected as the group coordinator for partition 14 in epoch 0 (kafka.coordinator.group.GroupCoordinator)
[2024-06-17 16:04:33,341] INFO [GroupMetadataManager brokerId=0] Scheduling loading of offsets and group metadata from __consumer_offsets-14 for epoch 0 (kafka.coordinator.group.GroupMetadataManager)
[2024-06-17 16:04:33,341] INFO [GroupCoordinator 0]: Elected as the group coordinator for partition 23 in epoch 0 (kafka.coordinator.group.GroupCoordinator)
[2024-06-17 16:04:33,341] INFO [GroupMetadataManager brokerId=0] Scheduling loading of offsets and group metadata from __consumer_offsets-23 for epoch 0 (kafka.coordinator.group.GroupMetadataManager)
[2024-06-17 16:04:33,341] INFO [GroupCoordinator 0]: Elected as the group coordinator for partition 38 in epoch 0 (kafka.coordinator.group.GroupCoordinator)
[2024-06-17 16:04:33,341] INFO [GroupMetadataManager brokerId=0] Scheduling loading of offsets and group metadata from __consumer_offsets-38 for epoch 0 (kafka.coordinator.group.GroupMetadataManager)
[2024-06-17 16:04:33,341] INFO [GroupCoordinator 0]: Elected as the group coordinator for partition 8 in epoch 0 (kafka.coordinator.group.GroupCoordinator)
[2024-06-17 16:04:33,341] INFO [GroupMetadataManager brokerId=0] Scheduling loading of offsets and group metadata from __consumer_offsets-8 for epoch 0 (kafka.coordinator.group.GroupMetadataManager)
[2024-06-17 16:04:33,341] INFO [GroupCoordinator 0]: Elected as the group coordinator for partition 45 in epoch 0 (kafka.coordinator.group.GroupCoordinator)
[2024-06-17 16:04:33,341] INFO [GroupMetadataManager brokerId=0] Scheduling loading of offsets and group metadata from __consumer_offsets-45 for epoch 0 (kafka.coordinator.group.GroupMetadataManager)
[2024-06-17 16:04:33,341] INFO [GroupCoordinator 0]: Elected as the group coordinator for partition 15 in epoch 0 (kafka.coordinator.group.GroupCoordinator)
[2024-06-17 16:04:33,341] INFO [GroupMetadataManager brokerId=0] Scheduling loading of offsets and group metadata from __consumer_offsets-15 for epoch 0 (kafka.coordinator.group.GroupMetadataManager)
[2024-06-17 16:04:33,341] INFO [GroupCoordinator 0]: Elected as the group coordinator for partition 30 in epoch 0 (kafka.coordinator.group.GroupCoordinator)
[2024-06-17 16:04:33,341] INFO [GroupMetadataManager brokerId=0] Scheduling loading of offsets and group metadata from __consumer_offsets-30 for epoch 0 (kafka.coordinator.group.GroupMetadataManager)
[2024-06-17 16:04:33,341] INFO [GroupCoordinator 0]: Elected as the group coordinator for partition 0 in epoch 0 (kafka.coordinator.group.GroupCoordinator)
[2024-06-17 16:04:33,341] INFO [GroupMetadataManager brokerId=0] Scheduling loading of offsets and group metadata from __consumer_offsets-0 for epoch 0 (kafka.coordinator.group.GroupMetadataManager)
[2024-06-17 16:04:33,341] INFO [GroupCoordinator 0]: Elected as the group coordinator for partition 35 in epoch 0 (kafka.coordinator.group.GroupCoordinator)
[2024-06-17 16:04:33,341] INFO [GroupMetadataManager brokerId=0] Scheduling loading of offsets and group metadata from __consumer_offsets-35 for epoch 0 (kafka.coordinator.group.GroupMetadataManager)
[2024-06-17 16:04:33,341] INFO [GroupCoordinator 0]: Elected as the group coordinator for partition 5 in epoch 0 (kafka.coordinator.group.GroupCoordinator)
[2024-06-17 16:04:33,341] INFO [GroupMetadataManager brokerId=0] Scheduling loading of offsets and group metadata from __consumer_offsets-5 for epoch 0 (kafka.coordinator.group.GroupMetadataManager)
[2024-06-17 16:04:33,341] INFO [GroupCoordinator 0]: Elected as the group coordinator for partition 20 in epoch 0 (kafka.coordinator.group.GroupCoordinator)
[2024-06-17 16:04:33,341] INFO [GroupMetadataManager brokerId=0] Scheduling loading of offsets and group metadata from __consumer_offsets-20 for epoch 0 (kafka.coordinator.group.GroupMetadataManager)
[2024-06-17 16:04:33,341] INFO [GroupCoordinator 0]: Elected as the group coordinator for partition 27 in epoch 0 (kafka.coordinator.group.GroupCoordinator)
[2024-06-17 16:04:33,341] INFO [GroupMetadataManager brokerId=0] Scheduling loading of offsets and group metadata from __consumer_offsets-27 for epoch 0 (kafka.coordinator.group.GroupMetadataManager)
[2024-06-17 16:04:33,341] INFO [GroupCoordinator 0]: Elected as the group coordinator for partition 42 in epoch 0 (kafka.coordinator.group.GroupCoordinator)
[2024-06-17 16:04:33,341] INFO [GroupMetadataManager brokerId=0] Scheduling loading of offsets and group metadata from __consumer_offsets-42 for epoch 0 (kafka.coordinator.group.GroupMetadataManager)
[2024-06-17 16:04:33,341] INFO [GroupCoordinator 0]: Elected as the group coordinator for partition 12 in epoch 0 (kafka.coordinator.group.GroupCoordinator)
[2024-06-17 16:04:33,341] INFO [GroupMetadataManager brokerId=0] Scheduling loading of offsets and group metadata from __consumer_offsets-12 for epoch 0 (kafka.coordinator.group.GroupMetadataManager)
[2024-06-17 16:04:33,341] INFO [GroupCoordinator 0]: Elected as the group coordinator for partition 21 in epoch 0 (kafka.coordinator.group.GroupCoordinator)
[2024-06-17 16:04:33,341] INFO [GroupMetadataManager brokerId=0] Scheduling loading of offsets and group metadata from __consumer_offsets-21 for epoch 0 (kafka.coordinator.group.GroupMetadataManager)
[2024-06-17 16:04:33,342] INFO [GroupCoordinator 0]: Elected as the group coordinator for partition 36 in epoch 0 (kafka.coordinator.group.GroupCoordinator)
[2024-06-17 16:04:33,342] INFO [GroupMetadataManager brokerId=0] Scheduling loading of offsets and group metadata from __consumer_offsets-36 for epoch 0 (kafka.coordinator.group.GroupMetadataManager)
[2024-06-17 16:04:33,342] INFO [GroupCoordinator 0]: Elected as the group coordinator for partition 6 in epoch 0 (kafka.coordinator.group.GroupCoordinator)
[2024-06-17 16:04:33,342] INFO [GroupMetadataManager brokerId=0] Scheduling loading of offsets and group metadata from __consumer_offsets-6 for epoch 0 (kafka.coordinator.group.GroupMetadataManager)
[2024-06-17 16:04:33,342] INFO [GroupCoordinator 0]: Elected as the group coordinator for partition 43 in epoch 0 (kafka.coordinator.group.GroupCoordinator)
[2024-06-17 16:04:33,342] INFO [GroupMetadataManager brokerId=0] Scheduling loading of offsets and group metadata from __consumer_offsets-43 for epoch 0 (kafka.coordinator.group.GroupMetadataManager)
[2024-06-17 16:04:33,342] INFO [GroupCoordinator 0]: Elected as the group coordinator for partition 13 in epoch 0 (kafka.coordinator.group.GroupCoordinator)
[2024-06-17 16:04:33,342] INFO [GroupMetadataManager brokerId=0] Scheduling loading of offsets and group metadata from __consumer_offsets-13 for epoch 0 (kafka.coordinator.group.GroupMetadataManager)
[2024-06-17 16:04:33,342] INFO [GroupCoordinator 0]: Elected as the group coordinator for partition 28 in epoch 0 (kafka.coordinator.group.GroupCoordinator)
[2024-06-17 16:04:33,342] INFO [GroupMetadataManager brokerId=0] Scheduling loading of offsets and group metadata from __consumer_offsets-28 for epoch 0 (kafka.coordinator.group.GroupMetadataManager)
[2024-06-17 16:04:33,343] INFO [GroupMetadataManager brokerId=0] Finished loading offsets and group metadata from __consumer_offsets-3 in 2 milliseconds for epoch 0, of which 0 milliseconds was spent in the scheduler. (kafka.coordinator.group.GroupMetadataManager)
[2024-06-17 16:04:33,343] INFO [GroupMetadataManager brokerId=0] Finished loading offsets and group metadata from __consumer_offsets-18 in 3 milliseconds for epoch 0, of which 3 milliseconds was spent in the scheduler. (kafka.coordinator.group.GroupMetadataManager)
[2024-06-17 16:04:33,343] INFO [GroupMetadataManager brokerId=0] Finished loading offsets and group metadata from __consumer_offsets-41 in 3 milliseconds for epoch 0, of which 3 milliseconds was spent in the scheduler. (kafka.coordinator.group.GroupMetadataManager)
[2024-06-17 16:04:33,343] INFO [GroupMetadataManager brokerId=0] Finished loading offsets and group metadata from __consumer_offsets-10 in 3 milliseconds for epoch 0, of which 3 milliseconds was spent in the scheduler. (kafka.coordinator.group.GroupMetadataManager)
[2024-06-17 16:04:33,343] INFO [GroupMetadataManager brokerId=0] Finished loading offsets and group metadata from __consumer_offsets-33 in 3 milliseconds for epoch 0, of which 3 milliseconds was spent in the scheduler. (kafka.coordinator.group.GroupMetadataManager)
[2024-06-17 16:04:33,344] INFO [GroupMetadataManager brokerId=0] Finished loading offsets and group metadata from __consumer_offsets-48 in 3 milliseconds for epoch 0, of which 2 milliseconds was spent in the scheduler. (kafka.coordinator.group.GroupMetadataManager)
[2024-06-17 16:04:33,344] INFO [GroupMetadataManager brokerId=0] Finished loading offsets and group metadata from __consumer_offsets-19 in 3 milliseconds for epoch 0, of which 3 milliseconds was spent in the scheduler. (kafka.coordinator.group.GroupMetadataManager)
[2024-06-17 16:04:33,344] INFO [GroupMetadataManager brokerId=0] Finished loading offsets and group metadata from __consumer_offsets-34 in 3 milliseconds for epoch 0, of which 3 milliseconds was spent in the scheduler. (kafka.coordinator.group.GroupMetadataManager)
[2024-06-17 16:04:33,344] INFO [GroupMetadataManager brokerId=0] Finished loading offsets and group metadata from __consumer_offsets-4 in 3 milliseconds for epoch 0, of which 3 milliseconds was spent in the scheduler. (kafka.coordinator.group.GroupMetadataManager)
[2024-06-17 16:04:33,344] INFO [GroupMetadataManager brokerId=0] Finished loading offsets and group metadata from __consumer_offsets-11 in 3 milliseconds for epoch 0, of which 3 milliseconds was spent in the scheduler. (kafka.coordinator.group.GroupMetadataManager)
[2024-06-17 16:04:33,344] INFO [GroupMetadataManager brokerId=0] Finished loading offsets and group metadata from __consumer_offsets-26 in 3 milliseconds for epoch 0, of which 3 milliseconds was spent in the scheduler. (kafka.coordinator.group.GroupMetadataManager)
[2024-06-17 16:04:33,344] INFO [GroupMetadataManager brokerId=0] Finished loading offsets and group metadata from __consumer_offsets-49 in 3 milliseconds for epoch 0, of which 3 milliseconds was spent in the scheduler. (kafka.coordinator.group.GroupMetadataManager)
[2024-06-17 16:04:33,344] INFO [GroupMetadataManager brokerId=0] Finished loading offsets and group metadata from __consumer_offsets-39 in 3 milliseconds for epoch 0, of which 3 milliseconds was spent in the scheduler. (kafka.coordinator.group.GroupMetadataManager)
[2024-06-17 16:04:33,344] INFO [GroupMetadataManager brokerId=0] Finished loading offsets and group metadata from __consumer_offsets-9 in 3 milliseconds for epoch 0, of which 3 milliseconds was spent in the scheduler. (kafka.coordinator.group.GroupMetadataManager)
[2024-06-17 16:04:33,344] INFO [GroupMetadataManager brokerId=0] Finished loading offsets and group metadata from __consumer_offsets-24 in 3 milliseconds for epoch 0, of which 3 milliseconds was spent in the scheduler. (kafka.coordinator.group.GroupMetadataManager)
[2024-06-17 16:04:33,344] INFO [GroupMetadataManager brokerId=0] Finished loading offsets and group metadata from __consumer_offsets-31 in 3 milliseconds for epoch 0, of which 3 milliseconds was spent in the scheduler. (kafka.coordinator.group.GroupMetadataManager)
[2024-06-17 16:04:33,344] INFO [GroupMetadataManager brokerId=0] Finished loading offsets and group metadata from __consumer_offsets-46 in 3 milliseconds for epoch 0, of which 3 milliseconds was spent in the scheduler. (kafka.coordinator.group.GroupMetadataManager)
[2024-06-17 16:04:33,344] INFO [GroupMetadataManager brokerId=0] Finished loading offsets and group metadata from __consumer_offsets-1 in 3 milliseconds for epoch 0, of which 3 milliseconds was spent in the scheduler. (kafka.coordinator.group.GroupMetadataManager)
[2024-06-17 16:04:33,344] INFO [GroupMetadataManager brokerId=0] Finished loading offsets and group metadata from __consumer_offsets-16 in 3 milliseconds for epoch 0, of which 3 milliseconds was spent in the scheduler. (kafka.coordinator.group.GroupMetadataManager)
[2024-06-17 16:04:33,344] INFO [GroupMetadataManager brokerId=0] Finished loading offsets and group metadata from __consumer_offsets-2 in 3 milliseconds for epoch 0, of which 3 milliseconds was spent in the scheduler. (kafka.coordinator.group.GroupMetadataManager)
[2024-06-17 16:04:33,344] INFO [GroupMetadataManager brokerId=0] Finished loading offsets and group metadata from __consumer_offsets-25 in 3 milliseconds for epoch 0, of which 3 milliseconds was spent in the scheduler. (kafka.coordinator.group.GroupMetadataManager)
[2024-06-17 16:04:33,344] INFO [GroupMetadataManager brokerId=0] Finished loading offsets and group metadata from __consumer_offsets-40 in 3 milliseconds for epoch 0, of which 3 milliseconds was spent in the scheduler. (kafka.coordinator.group.GroupMetadataManager)
[2024-06-17 16:04:33,344] INFO [GroupMetadataManager brokerId=0] Finished loading offsets and group metadata from __consumer_offsets-47 in 3 milliseconds for epoch 0, of which 3 milliseconds was spent in the scheduler. (kafka.coordinator.group.GroupMetadataManager)
[2024-06-17 16:04:33,344] INFO [GroupMetadataManager brokerId=0] Finished loading offsets and group metadata from __consumer_offsets-17 in 3 milliseconds for epoch 0, of which 3 milliseconds was spent in the scheduler. (kafka.coordinator.group.GroupMetadataManager)
[2024-06-17 16:04:33,344] INFO [GroupMetadataManager brokerId=0] Finished loading offsets and group metadata from __consumer_offsets-32 in 3 milliseconds for epoch 0, of which 3 milliseconds was spent in the scheduler. (kafka.coordinator.group.GroupMetadataManager)
[2024-06-17 16:04:33,344] INFO [GroupMetadataManager brokerId=0] Finished loading offsets and group metadata from __consumer_offsets-37 in 3 milliseconds for epoch 0, of which 3 milliseconds was spent in the scheduler. (kafka.coordinator.group.GroupMetadataManager)
[2024-06-17 16:04:33,344] INFO [GroupMetadataManager brokerId=0] Finished loading offsets and group metadata from __consumer_offsets-7 in 3 milliseconds for epoch 0, of which 3 milliseconds was spent in the scheduler. (kafka.coordinator.group.GroupMetadataManager)
[2024-06-17 16:04:33,345] INFO [GroupMetadataManager brokerId=0] Finished loading offsets and group metadata from __consumer_offsets-22 in 4 milliseconds for epoch 0, of which 3 milliseconds was spent in the scheduler. (kafka.coordinator.group.GroupMetadataManager)
[2024-06-17 16:04:33,345] INFO [GroupMetadataManager brokerId=0] Finished loading offsets and group metadata from __consumer_offsets-29 in 4 milliseconds for epoch 0, of which 4 milliseconds was spent in the scheduler. (kafka.coordinator.group.GroupMetadataManager)
[2024-06-17 16:04:33,345] INFO [GroupMetadataManager brokerId=0] Finished loading offsets and group metadata from __consumer_offsets-44 in 4 milliseconds for epoch 0, of which 4 milliseconds was spent in the scheduler. (kafka.coordinator.group.GroupMetadataManager)
[2024-06-17 16:04:33,345] INFO [GroupMetadataManager brokerId=0] Finished loading offsets and group metadata from __consumer_offsets-14 in 4 milliseconds for epoch 0, of which 4 milliseconds was spent in the scheduler. (kafka.coordinator.group.GroupMetadataManager)
[2024-06-17 16:04:33,345] INFO [GroupMetadataManager brokerId=0] Finished loading offsets and group metadata from __consumer_offsets-23 in 4 milliseconds for epoch 0, of which 4 milliseconds was spent in the scheduler. (kafka.coordinator.group.GroupMetadataManager)
[2024-06-17 16:04:33,345] INFO [GroupMetadataManager brokerId=0] Finished loading offsets and group metadata from __consumer_offsets-38 in 4 milliseconds for epoch 0, of which 4 milliseconds was spent in the scheduler. (kafka.coordinator.group.GroupMetadataManager)
[2024-06-17 16:04:33,345] INFO [GroupMetadataManager brokerId=0] Finished loading offsets and group metadata from __consumer_offsets-8 in 4 milliseconds for epoch 0, of which 4 milliseconds was spent in the scheduler. (kafka.coordinator.group.GroupMetadataManager)
[2024-06-17 16:04:33,345] INFO [GroupMetadataManager brokerId=0] Finished loading offsets and group metadata from __consumer_offsets-45 in 4 milliseconds for epoch 0, of which 4 milliseconds was spent in the scheduler. (kafka.coordinator.group.GroupMetadataManager)
[2024-06-17 16:04:33,345] INFO [GroupMetadataManager brokerId=0] Finished loading offsets and group metadata from __consumer_offsets-15 in 4 milliseconds for epoch 0, of which 4 milliseconds was spent in the scheduler. (kafka.coordinator.group.GroupMetadataManager)
[2024-06-17 16:04:33,345] INFO [GroupMetadataManager brokerId=0] Finished loading offsets and group metadata from __consumer_offsets-30 in 4 milliseconds for epoch 0, of which 4 milliseconds was spent in the scheduler. (kafka.coordinator.group.GroupMetadataManager)
[2024-06-17 16:04:33,345] INFO [GroupMetadataManager brokerId=0] Finished loading offsets and group metadata from __consumer_offsets-0 in 4 milliseconds for epoch 0, of which 4 milliseconds was spent in the scheduler. (kafka.coordinator.group.GroupMetadataManager)
[2024-06-17 16:04:33,345] INFO [GroupMetadataManager brokerId=0] Finished loading offsets and group metadata from __consumer_offsets-35 in 4 milliseconds for epoch 0, of which 4 milliseconds was spent in the scheduler. (kafka.coordinator.group.GroupMetadataManager)
[2024-06-17 16:04:33,345] INFO [GroupMetadataManager brokerId=0] Finished loading offsets and group metadata from __consumer_offsets-5 in 4 milliseconds for epoch 0, of which 4 milliseconds was spent in the scheduler. (kafka.coordinator.group.GroupMetadataManager)
[2024-06-17 16:04:33,345] INFO [GroupMetadataManager brokerId=0] Finished loading offsets and group metadata from __consumer_offsets-20 in 4 milliseconds for epoch 0, of which 4 milliseconds was spent in the scheduler. (kafka.coordinator.group.GroupMetadataManager)
[2024-06-17 16:04:33,345] INFO [GroupMetadataManager brokerId=0] Finished loading offsets and group metadata from __consumer_offsets-27 in 4 milliseconds for epoch 0, of which 4 milliseconds was spent in the scheduler. (kafka.coordinator.group.GroupMetadataManager)
[2024-06-17 16:04:33,345] INFO [GroupMetadataManager brokerId=0] Finished loading offsets and group metadata from __consumer_offsets-42 in 4 milliseconds for epoch 0, of which 4 milliseconds was spent in the scheduler. (kafka.coordinator.group.GroupMetadataManager)
[2024-06-17 16:04:33,345] INFO [GroupMetadataManager brokerId=0] Finished loading offsets and group metadata from __consumer_offsets-12 in 4 milliseconds for epoch 0, of which 4 milliseconds was spent in the scheduler. (kafka.coordinator.group.GroupMetadataManager)
[2024-06-17 16:04:33,345] INFO [GroupMetadataManager brokerId=0] Finished loading offsets and group metadata from __consumer_offsets-21 in 3 milliseconds for epoch 0, of which 3 milliseconds was spent in the scheduler. (kafka.coordinator.group.GroupMetadataManager)
[2024-06-17 16:04:33,346] INFO [GroupMetadataManager brokerId=0] Finished loading offsets and group metadata from __consumer_offsets-36 in 4 milliseconds for epoch 0, of which 4 milliseconds was spent in the scheduler. (kafka.coordinator.group.GroupMetadataManager)
[2024-06-17 16:04:33,346] INFO [GroupMetadataManager brokerId=0] Finished loading offsets and group metadata from __consumer_offsets-6 in 4 milliseconds for epoch 0, of which 4 milliseconds was spent in the scheduler. (kafka.coordinator.group.GroupMetadataManager)
[2024-06-17 16:04:33,346] INFO [GroupMetadataManager brokerId=0] Finished loading offsets and group metadata from __consumer_offsets-43 in 4 milliseconds for epoch 0, of which 4 milliseconds was spent in the scheduler. (kafka.coordinator.group.GroupMetadataManager)
[2024-06-17 16:04:33,346] INFO [GroupMetadataManager brokerId=0] Finished loading offsets and group metadata from __consumer_offsets-13 in 4 milliseconds for epoch 0, of which 4 milliseconds was spent in the scheduler. (kafka.coordinator.group.GroupMetadataManager)
[2024-06-17 16:04:33,346] INFO [GroupMetadataManager brokerId=0] Finished loading offsets and group metadata from __consumer_offsets-28 in 4 milliseconds for epoch 0, of which 4 milliseconds was spent in the scheduler. (kafka.coordinator.group.GroupMetadataManager)
[2024-06-17 16:04:33,471] INFO [GroupCoordinator 0]: Dynamic member with unknown member id joins group console-consumer-58910 in Empty state. Created a new member id console-consumer-1ec9c5d4-9725-462c-8928-c2805ea4284b and request the member to rejoin with this id. (kafka.coordinator.group.GroupCoordinator)
[2024-06-17 16:04:33,477] INFO [GroupCoordinator 0]: Preparing to rebalance group console-consumer-58910 in state PreparingRebalance with old generation 0 (__consumer_offsets-4) (reason: Adding new member console-consumer-1ec9c5d4-9725-462c-8928-c2805ea4284b with group instance id None; client reason: need to re-join with the given member-id: console-consumer-1ec9c5d4-9725-462c-8928-c2805ea4284b) (kafka.coordinator.group.GroupCoordinator)
[2024-06-17 16:04:33,482] INFO [GroupCoordinator 0]: Stabilized group console-consumer-58910 generation 1 (__consumer_offsets-4) with 1 members (kafka.coordinator.group.GroupCoordinator)
[2024-06-17 16:04:33,491] INFO [GroupCoordinator 0]: Assignment received from leader console-consumer-1ec9c5d4-9725-462c-8928-c2805ea4284b for group console-consumer-58910 for generation 1. The group has 1 members, 0 of which are static. (kafka.coordinator.group.GroupCoordinator)
[2024-06-17 16:04:42,897] INFO [GroupCoordinator 0]: Preparing to rebalance group console-consumer-58910 in state PreparingRebalance with old generation 1 (__consumer_offsets-4) (reason: Removing member console-consumer-1ec9c5d4-9725-462c-8928-c2805ea4284b on LeaveGroup; client reason: the consumer is being closed) (kafka.coordinator.group.GroupCoordinator)
[2024-06-17 16:04:42,898] INFO [GroupCoordinator 0]: Group console-consumer-58910 with generation 2 is now empty (__consumer_offsets-4) (kafka.coordinator.group.GroupCoordinator)
[2024-06-17 16:04:42,900] INFO [GroupCoordinator 0]: Member MemberMetadata(memberId=console-consumer-1ec9c5d4-9725-462c-8928-c2805ea4284b, groupInstanceId=None, clientId=console-consumer, clientHost=/192.168.0.101, sessionTimeoutMs=45000, rebalanceTimeoutMs=300000, supportedProtocols=List(range, cooperative-sticky)) has left group console-consumer-58910 through explicit `LeaveGroup`; client reason: the consumer is being closed (kafka.coordinator.group.GroupCoordinator)
[2024-06-17 16:05:14,333] WARN Session 0x100118142870000 for server localhost/0:0:0:0:0:0:0:1:2181, Closing socket connection. Attempting reconnect except it is a SessionExpiredException. (org.apache.zookeeper.ClientCnxn)
EndOfStreamException: Unable to read additional data from server sessionid 0x100118142870000, likely server has closed socket
	at org.apache.zookeeper.ClientCnxnSocketNIO.doIO(ClientCnxnSocketNIO.java:77)
	at org.apache.zookeeper.ClientCnxnSocketNIO.doTransport(ClientCnxnSocketNIO.java:350)
	at org.apache.zookeeper.ClientCnxn$SendThread.run(ClientCnxn.java:1289)
[2024-06-17 16:05:14,944] INFO Terminating process due to signal SIGINT (org.apache.kafka.common.utils.LoggingSignalHandler)
[2024-06-17 16:05:14,946] INFO [KafkaServer id=0] shutting down (kafka.server.KafkaServer)
[2024-06-17 16:05:14,948] INFO [KafkaServer id=0] Starting controlled shutdown (kafka.server.KafkaServer)
[2024-06-17 16:05:14,960] INFO [KafkaServer id=0] Controlled shutdown request returned successfully after 7ms (kafka.server.KafkaServer)
[2024-06-17 16:05:14,964] INFO [/config/changes-event-process-thread]: Shutting down (kafka.common.ZkNodeChangeNotificationListener$ChangeEventProcessThread)
[2024-06-17 16:05:14,964] INFO [/config/changes-event-process-thread]: Shutdown completed (kafka.common.ZkNodeChangeNotificationListener$ChangeEventProcessThread)
[2024-06-17 16:05:14,964] INFO [/config/changes-event-process-thread]: Stopped (kafka.common.ZkNodeChangeNotificationListener$ChangeEventProcessThread)
[2024-06-17 16:05:14,965] INFO [SocketServer listenerType=ZK_BROKER, nodeId=0] Stopping socket server request processors (kafka.network.SocketServer)
[2024-06-17 16:05:14,967] INFO [NodeToControllerChannelManager id=0 name=forwarding] Node 0 disconnected. (org.apache.kafka.clients.NetworkClient)
[2024-06-17 16:05:14,969] INFO [SocketServer listenerType=ZK_BROKER, nodeId=0] Stopped socket server request processors (kafka.network.SocketServer)
[2024-06-17 16:05:14,969] INFO [data-plane Kafka Request Handler on Broker 0], shutting down (kafka.server.KafkaRequestHandlerPool)
[2024-06-17 16:05:14,970] INFO [data-plane Kafka Request Handler on Broker 0], shut down completely (kafka.server.KafkaRequestHandlerPool)
[2024-06-17 16:05:14,973] INFO [ExpirationReaper-0-AlterAcls]: Shutting down (kafka.server.DelayedOperationPurgatory$ExpiredOperationReaper)
[2024-06-17 16:05:14,974] INFO [ExpirationReaper-0-AlterAcls]: Stopped (kafka.server.DelayedOperationPurgatory$ExpiredOperationReaper)
[2024-06-17 16:05:14,974] INFO [ExpirationReaper-0-AlterAcls]: Shutdown completed (kafka.server.DelayedOperationPurgatory$ExpiredOperationReaper)
[2024-06-17 16:05:14,974] INFO [KafkaApi-0] Shutdown complete. (kafka.server.KafkaApis)
[2024-06-17 16:05:14,975] INFO [ExpirationReaper-0-topic]: Shutting down (kafka.server.DelayedOperationPurgatory$ExpiredOperationReaper)
[2024-06-17 16:05:14,975] INFO [ExpirationReaper-0-topic]: Stopped (kafka.server.DelayedOperationPurgatory$ExpiredOperationReaper)
[2024-06-17 16:05:14,975] INFO [ExpirationReaper-0-topic]: Shutdown completed (kafka.server.DelayedOperationPurgatory$ExpiredOperationReaper)
[2024-06-17 16:05:14,976] INFO [TransactionCoordinator id=0] Shutting down. (kafka.coordinator.transaction.TransactionCoordinator)
[2024-06-17 16:05:14,977] INFO [Transaction State Manager 0]: Shutdown complete (kafka.coordinator.transaction.TransactionStateManager)
[2024-06-17 16:05:14,977] INFO [TxnMarkerSenderThread-0]: Shutting down (kafka.coordinator.transaction.TransactionMarkerChannelManager)
[2024-06-17 16:05:14,977] INFO [TxnMarkerSenderThread-0]: Shutdown completed (kafka.coordinator.transaction.TransactionMarkerChannelManager)
[2024-06-17 16:05:14,977] INFO [TxnMarkerSenderThread-0]: Stopped (kafka.coordinator.transaction.TransactionMarkerChannelManager)
[2024-06-17 16:05:14,978] INFO [TransactionCoordinator id=0] Shutdown complete. (kafka.coordinator.transaction.TransactionCoordinator)
[2024-06-17 16:05:14,978] INFO [GroupCoordinator 0]: Shutting down. (kafka.coordinator.group.GroupCoordinator)
[2024-06-17 16:05:14,978] INFO [ExpirationReaper-0-Heartbeat]: Shutting down (kafka.server.DelayedOperationPurgatory$ExpiredOperationReaper)
[2024-06-17 16:05:14,979] INFO [ExpirationReaper-0-Heartbeat]: Stopped (kafka.server.DelayedOperationPurgatory$ExpiredOperationReaper)
[2024-06-17 16:05:14,979] INFO [ExpirationReaper-0-Heartbeat]: Shutdown completed (kafka.server.DelayedOperationPurgatory$ExpiredOperationReaper)
[2024-06-17 16:05:14,979] INFO [ExpirationReaper-0-Rebalance]: Shutting down (kafka.server.DelayedOperationPurgatory$ExpiredOperationReaper)
[2024-06-17 16:05:14,979] INFO [ExpirationReaper-0-Rebalance]: Stopped (kafka.server.DelayedOperationPurgatory$ExpiredOperationReaper)
[2024-06-17 16:05:14,979] INFO [ExpirationReaper-0-Rebalance]: Shutdown completed (kafka.server.DelayedOperationPurgatory$ExpiredOperationReaper)
[2024-06-17 16:05:14,979] INFO [GroupCoordinator 0]: Shutdown complete. (kafka.coordinator.group.GroupCoordinator)
[2024-06-17 16:05:14,980] INFO [ReplicaManager broker=0] Shutting down (kafka.server.ReplicaManager)
[2024-06-17 16:05:14,980] INFO [LogDirFailureHandler]: Shutting down (kafka.server.ReplicaManager$LogDirFailureHandler)
[2024-06-17 16:05:14,980] INFO [LogDirFailureHandler]: Shutdown completed (kafka.server.ReplicaManager$LogDirFailureHandler)
[2024-06-17 16:05:14,980] INFO [LogDirFailureHandler]: Stopped (kafka.server.ReplicaManager$LogDirFailureHandler)
[2024-06-17 16:05:14,980] INFO [ReplicaFetcherManager on broker 0] shutting down (kafka.server.ReplicaFetcherManager)
[2024-06-17 16:05:14,981] INFO [ReplicaFetcherManager on broker 0] shutdown completed (kafka.server.ReplicaFetcherManager)
[2024-06-17 16:05:14,981] INFO [ReplicaAlterLogDirsManager on broker 0] shutting down (kafka.server.ReplicaAlterLogDirsManager)
[2024-06-17 16:05:14,981] INFO [ReplicaAlterLogDirsManager on broker 0] shutdown completed (kafka.server.ReplicaAlterLogDirsManager)
[2024-06-17 16:05:14,981] INFO [ExpirationReaper-0-Fetch]: Shutting down (kafka.server.DelayedOperationPurgatory$ExpiredOperationReaper)
[2024-06-17 16:05:14,982] INFO [ExpirationReaper-0-Fetch]: Stopped (kafka.server.DelayedOperationPurgatory$ExpiredOperationReaper)
[2024-06-17 16:05:14,982] INFO [ExpirationReaper-0-Fetch]: Shutdown completed (kafka.server.DelayedOperationPurgatory$ExpiredOperationReaper)
[2024-06-17 16:05:14,982] INFO [ExpirationReaper-0-RemoteFetch]: Shutting down (kafka.server.DelayedOperationPurgatory$ExpiredOperationReaper)
[2024-06-17 16:05:14,982] INFO [ExpirationReaper-0-RemoteFetch]: Stopped (kafka.server.DelayedOperationPurgatory$ExpiredOperationReaper)
[2024-06-17 16:05:14,982] INFO [ExpirationReaper-0-RemoteFetch]: Shutdown completed (kafka.server.DelayedOperationPurgatory$ExpiredOperationReaper)
[2024-06-17 16:05:14,982] INFO [ExpirationReaper-0-Produce]: Shutting down (kafka.server.DelayedOperationPurgatory$ExpiredOperationReaper)
[2024-06-17 16:05:14,983] INFO [ExpirationReaper-0-Produce]: Stopped (kafka.server.DelayedOperationPurgatory$ExpiredOperationReaper)
[2024-06-17 16:05:14,983] INFO [ExpirationReaper-0-Produce]: Shutdown completed (kafka.server.DelayedOperationPurgatory$ExpiredOperationReaper)
[2024-06-17 16:05:14,983] INFO [ExpirationReaper-0-DeleteRecords]: Shutting down (kafka.server.DelayedOperationPurgatory$ExpiredOperationReaper)
[2024-06-17 16:05:14,983] INFO [ExpirationReaper-0-DeleteRecords]: Stopped (kafka.server.DelayedOperationPurgatory$ExpiredOperationReaper)
[2024-06-17 16:05:14,983] INFO [ExpirationReaper-0-DeleteRecords]: Shutdown completed (kafka.server.DelayedOperationPurgatory$ExpiredOperationReaper)
[2024-06-17 16:05:14,984] INFO [ExpirationReaper-0-ElectLeader]: Shutting down (kafka.server.DelayedOperationPurgatory$ExpiredOperationReaper)
[2024-06-17 16:05:14,984] INFO [ExpirationReaper-0-ElectLeader]: Stopped (kafka.server.DelayedOperationPurgatory$ExpiredOperationReaper)
[2024-06-17 16:05:14,984] INFO [ExpirationReaper-0-ElectLeader]: Shutdown completed (kafka.server.DelayedOperationPurgatory$ExpiredOperationReaper)
[2024-06-17 16:05:14,991] INFO [AddPartitionsToTxnSenderThread-0]: Shutting down (kafka.server.AddPartitionsToTxnManager)
[2024-06-17 16:05:14,991] INFO [AddPartitionsToTxnSenderThread-0]: Shutdown completed (kafka.server.AddPartitionsToTxnManager)
[2024-06-17 16:05:14,991] INFO [AddPartitionsToTxnSenderThread-0]: Stopped (kafka.server.AddPartitionsToTxnManager)
[2024-06-17 16:05:14,992] INFO [ReplicaManager broker=0] Shut down completely (kafka.server.ReplicaManager)
[2024-06-17 16:05:14,992] INFO [zk-broker-0-to-controller-alter-partition-channel-manager]: Shutting down (kafka.server.NodeToControllerRequestThread)
[2024-06-17 16:05:14,992] INFO [zk-broker-0-to-controller-alter-partition-channel-manager]: Stopped (kafka.server.NodeToControllerRequestThread)
[2024-06-17 16:05:14,992] INFO [zk-broker-0-to-controller-alter-partition-channel-manager]: Shutdown completed (kafka.server.NodeToControllerRequestThread)
[2024-06-17 16:05:14,992] INFO Node to controller channel manager for alter-partition shutdown (kafka.server.NodeToControllerChannelManagerImpl)
[2024-06-17 16:05:14,993] INFO [zk-broker-0-to-controller-forwarding-channel-manager]: Shutting down (kafka.server.NodeToControllerRequestThread)
[2024-06-17 16:05:14,993] INFO [zk-broker-0-to-controller-forwarding-channel-manager]: Stopped (kafka.server.NodeToControllerRequestThread)
[2024-06-17 16:05:14,993] INFO [zk-broker-0-to-controller-forwarding-channel-manager]: Shutdown completed (kafka.server.NodeToControllerRequestThread)
[2024-06-17 16:05:14,993] INFO Node to controller channel manager for forwarding shutdown (kafka.server.NodeToControllerChannelManagerImpl)
[2024-06-17 16:05:14,993] INFO Shutting down. (kafka.log.LogManager)
[2024-06-17 16:05:14,994] INFO [kafka-log-cleaner-thread-0]: Shutting down (kafka.log.LogCleaner$CleanerThread)
[2024-06-17 16:05:14,995] INFO [kafka-log-cleaner-thread-0]: Shutdown completed (kafka.log.LogCleaner$CleanerThread)
[2024-06-17 16:05:14,995] INFO [kafka-log-cleaner-thread-0]: Stopped (kafka.log.LogCleaner$CleanerThread)
[2024-06-17 16:05:15,427] INFO [ProducerStateManager partition=quickstart-events-0] Wrote producer snapshot at offset 3 with 1 producer ids in 6 ms. (org.apache.kafka.storage.internals.log.ProducerStateManager)
[2024-06-17 16:05:15,517] INFO Opening socket connection to server localhost/127.0.0.1:2181. (org.apache.zookeeper.ClientCnxn)
[2024-06-17 16:05:15,519] WARN Session 0x100118142870000 for server localhost/127.0.0.1:2181, Closing socket connection. Attempting reconnect except it is a SessionExpiredException. (org.apache.zookeeper.ClientCnxn)
java.net.ConnectException: Connection refused
	at java.base/sun.nio.ch.SocketChannelImpl.checkConnect(Native Method)
	at java.base/sun.nio.ch.SocketChannelImpl.finishConnect(SocketChannelImpl.java:777)
	at org.apache.zookeeper.ClientCnxnSocketNIO.doTransport(ClientCnxnSocketNIO.java:344)
	at org.apache.zookeeper.ClientCnxn$SendThread.run(ClientCnxn.java:1289)
[2024-06-17 16:05:15,540] INFO [ProducerStateManager partition=__consumer_offsets-4] Wrote producer snapshot at offset 2 with 0 producer ids in 8 ms. (org.apache.kafka.storage.internals.log.ProducerStateManager)
[2024-06-17 16:05:15,689] INFO Shutdown complete. (kafka.log.LogManager)
[2024-06-17 16:05:15,695] INFO [feature-zk-node-event-process-thread]: Shutting down (kafka.server.FinalizedFeatureChangeListener$ChangeNotificationProcessorThread)
[2024-06-17 16:05:15,696] INFO [feature-zk-node-event-process-thread]: Shutdown completed (kafka.server.FinalizedFeatureChangeListener$ChangeNotificationProcessorThread)
[2024-06-17 16:05:15,696] INFO [feature-zk-node-event-process-thread]: Stopped (kafka.server.FinalizedFeatureChangeListener$ChangeNotificationProcessorThread)
[2024-06-17 16:05:15,696] INFO [ZooKeeperClient Kafka server] Closing. (kafka.zookeeper.ZooKeeperClient)
[2024-06-17 16:05:16,779] INFO Opening socket connection to server localhost/0:0:0:0:0:0:0:1:2181. (org.apache.zookeeper.ClientCnxn)
[2024-06-17 16:05:16,890] INFO Session: 0x100118142870000 closed (org.apache.zookeeper.ZooKeeper)
[2024-06-17 16:05:16,890] INFO EventThread shut down for session: 0x100118142870000 (org.apache.zookeeper.ClientCnxn)
[2024-06-17 16:05:16,893] INFO [ZooKeeperClient Kafka server] Closed. (kafka.zookeeper.ZooKeeperClient)
[2024-06-17 16:05:16,893] INFO [ThrottledChannelReaper-Fetch]: Shutting down (kafka.server.ClientQuotaManager$ThrottledChannelReaper)
[2024-06-17 16:05:16,896] INFO [ThrottledChannelReaper-Fetch]: Stopped (kafka.server.ClientQuotaManager$ThrottledChannelReaper)
[2024-06-17 16:05:16,896] INFO [ThrottledChannelReaper-Fetch]: Shutdown completed (kafka.server.ClientQuotaManager$ThrottledChannelReaper)
[2024-06-17 16:05:16,896] INFO [ThrottledChannelReaper-Produce]: Shutting down (kafka.server.ClientQuotaManager$ThrottledChannelReaper)
[2024-06-17 16:05:16,896] INFO [ThrottledChannelReaper-Produce]: Stopped (kafka.server.ClientQuotaManager$ThrottledChannelReaper)
[2024-06-17 16:05:16,896] INFO [ThrottledChannelReaper-Produce]: Shutdown completed (kafka.server.ClientQuotaManager$ThrottledChannelReaper)
[2024-06-17 16:05:16,896] INFO [ThrottledChannelReaper-Request]: Shutting down (kafka.server.ClientQuotaManager$ThrottledChannelReaper)
[2024-06-17 16:05:16,897] INFO [ThrottledChannelReaper-Request]: Stopped (kafka.server.ClientQuotaManager$ThrottledChannelReaper)
[2024-06-17 16:05:16,897] INFO [ThrottledChannelReaper-Request]: Shutdown completed (kafka.server.ClientQuotaManager$ThrottledChannelReaper)
[2024-06-17 16:05:16,897] INFO [ThrottledChannelReaper-ControllerMutation]: Shutting down (kafka.server.ClientQuotaManager$ThrottledChannelReaper)
[2024-06-17 16:05:16,897] INFO [ThrottledChannelReaper-ControllerMutation]: Stopped (kafka.server.ClientQuotaManager$ThrottledChannelReaper)
[2024-06-17 16:05:16,897] INFO [ThrottledChannelReaper-ControllerMutation]: Shutdown completed (kafka.server.ClientQuotaManager$ThrottledChannelReaper)
[2024-06-17 16:05:16,898] INFO [SocketServer listenerType=ZK_BROKER, nodeId=0] Shutting down socket server (kafka.network.SocketServer)
[2024-06-17 16:05:16,911] INFO [SocketServer listenerType=ZK_BROKER, nodeId=0] Shutdown completed (kafka.network.SocketServer)
[2024-06-17 16:05:16,911] INFO Metrics scheduler closed (org.apache.kafka.common.metrics.Metrics)
[2024-06-17 16:05:16,911] INFO Closing reporter org.apache.kafka.common.metrics.JmxReporter (org.apache.kafka.common.metrics.Metrics)
[2024-06-17 16:05:16,911] INFO Metrics reporters closed (org.apache.kafka.common.metrics.Metrics)
[2024-06-17 16:05:16,913] INFO Broker and topic stats closed (kafka.server.BrokerTopicStats)
[2024-06-17 16:05:16,914] INFO App info kafka.server for 0 unregistered (org.apache.kafka.common.utils.AppInfoParser)
[2024-06-17 16:05:16,914] INFO [KafkaServer id=0] shut down completed (kafka.server.KafkaServer)
